#
# There is insufficient memory for the Java Runtime Environment to continue.
# Native memory allocation (malloc) failed to allocate 1079600 bytes. Error detail: Chunk::new
# Possible reasons:
#   The system is out of physical RAM or swap space
#   This process is running with CompressedOops enabled, and the Java Heap may be blocking the growth of the native heap
# Possible solutions:
#   Reduce memory load on the system
#   Increase physical memory or swap space
#   Check if swap backing store is full
#   Decrease Java heap size (-Xmx/-Xms)
#   Decrease number of Java threads
#   Decrease Java thread stack sizes (-Xss)
#   Set larger code cache with -XX:ReservedCodeCacheSize=
#   JVM is running with Zero Based Compressed Oops mode in which the Java heap is
#     placed in the first 32GB address space. The Java Heap base address is the
#     maximum limit for the native heap growth. Please use -XX:HeapBaseMinAddress
#     to set the Java Heap base and to place the Java Heap above 32GB virtual address.
# This output file may be truncated or incomplete.
#
#  Out of Memory Error (arena.cpp:168), pid=21240, tid=7008
#
# JRE version: OpenJDK Runtime Environment Temurin-21.0.10+7 (21.0.10+7) (build 21.0.10+7-LTS)
# Java VM: OpenJDK 64-Bit Server VM Temurin-21.0.10+7 (21.0.10+7-LTS, mixed mode, sharing, tiered, compressed oops, compressed class ptrs, g1 gc, windows-amd64)
# No core dump will be written. Minidumps are not enabled by default on client versions of Windows
#

---------------  S U M M A R Y ------------

Command Line: --add-opens=java.base/java.lang=ALL-UNNAMED --add-opens=java.base/java.lang.invoke=ALL-UNNAMED --add-opens=java.base/java.util=ALL-UNNAMED --add-opens=java.prefs/java.util.prefs=ALL-UNNAMED --add-exports=jdk.compiler/com.sun.tools.javac.api=ALL-UNNAMED --add-exports=jdk.compiler/com.sun.tools.javac.util=ALL-UNNAMED --add-opens=java.base/java.util=ALL-UNNAMED --add-opens=java.prefs/java.util.prefs=ALL-UNNAMED --add-opens=java.base/java.nio.charset=ALL-UNNAMED --add-opens=java.base/java.net=ALL-UNNAMED --add-opens=java.base/java.util.concurrent.atomic=ALL-UNNAMED --add-opens=java.xml/javax.xml.namespace=ALL-UNNAMED -XX:MaxMetaspaceSize=4G -XX:ReservedCodeCacheSize=512m -XX:+HeapDumpOnOutOfMemoryError -Xmx8G -Dfile.encoding=UTF-8 -Duser.country=US -Duser.language=en -Duser.variant -javaagent:C:\Users\User\.gradle\wrapper\dists\gradle-8.14-all\c2qonpi39x1mddn7hk5gh9iqj\gradle-8.14\lib\agents\gradle-instrumentation-agent-8.14.jar org.gradle.launcher.daemon.bootstrap.GradleDaemon 8.14

Host: 12th Gen Intel(R) Core(TM) i5-12450H, 12 cores, 15G,  Windows 11 , 64 bit Build 26100 (10.0.26100.8246)
Time: Mon Apr 20 23:23:18 2026 Bangladesh Standard Time elapsed time: 82.533561 seconds (0d 0h 1m 22s)

---------------  T H R E A D  ---------------

Current thread (0x000001e2f4e0b500):  JavaThread "C2 CompilerThread1" daemon [_thread_in_native, id=7008, stack(0x000000703a200000,0x000000703a300000) (1024K)]


Current CompileTask:
C2:82533 11258   !   4       com.google.common.cache.LocalCache$Segment::lockedGetOrLoad (447 bytes)

Stack: [0x000000703a200000,0x000000703a300000]
Native frames: (J=compiled Java code, j=interpreted, Vv=VM code, C=native code)
V  [jvm.dll+0x6d7a39]
V  [jvm.dll+0x8b4b26]
V  [jvm.dll+0x8b70de]
V  [jvm.dll+0x8b77c3]
V  [jvm.dll+0x284346]
V  [jvm.dll+0xc66ed]
V  [jvm.dll+0xc6c31]
V  [jvm.dll+0x3bec3b]
V  [jvm.dll+0x38b162]
V  [jvm.dll+0x38a5aa]
V  [jvm.dll+0x24c560]
V  [jvm.dll+0x24bb40]
V  [jvm.dll+0x1cb34e]
V  [jvm.dll+0x25b85d]
V  [jvm.dll+0x259dea]
V  [jvm.dll+0x3f857e]
V  [jvm.dll+0x85f59d]
V  [jvm.dll+0x6d626d]
C  [ucrtbase.dll+0x37b0]
C  [KERNEL32.DLL+0x2e8d7]
C  [ntdll.dll+0x8c3fc]


---------------  P R O C E S S  ---------------

Threads class SMR info:
_java_thread_list=0x000001e2f3a48db0, length=156, elements={
0x000001e2fc0e23e0, 0x000001e2ffd40ea0, 0x000001e2ffd43910, 0x000001e2ffd48560,
0x000001e2ffd48fc0, 0x000001e2ffd4a370, 0x000001e2ffd4f070, 0x000001e2ffd5cda0,
0x000001e2ac7b0090, 0x000001e2ffd4c280, 0x000001e2ffd4c910, 0x000001e2ffd4dcc0,
0x000001e2ffd4d630, 0x000001e2ffd4cfa0, 0x000001e2ffd4bbf0, 0x000001e2f3f2a7c0,
0x000001e2f3f29410, 0x000001e2f3f2ae50, 0x000001e2f3f2c200, 0x000001e2f3f2b4e0,
0x000001e2f3f2bb70, 0x000001e2f3f2cf20, 0x000001e2f3f2c890, 0x000001e2f3f29aa0,
0x000001e2f3f2a130, 0x000001e2f3f30a30, 0x000001e2f3f2dc40, 0x000001e2f3f2f680,
0x000001e2f3f2fd10, 0x000001e2f3f303a0, 0x000001e2f5d84090, 0x000001e2f5d84720,
0x000001e2f5d83a00, 0x000001e2f5d82ce0, 0x000001e2f5d81fc0, 0x000001e2f5d83370,
0x000001e2f5d81930, 0x000001e2f5d85440, 0x000001e2f5d87ba0, 0x000001e2f5d88230,
0x000001e2f5d867f0, 0x000001e2f5d888c0, 0x000001e2f5d85ad0, 0x000001e2f5d88f50,
0x000001e2f5d86160, 0x000001e2f5d86e80, 0x000001e2f5d87510, 0x000001e2acb80580,
0x000001e2acb7f1d0, 0x000001e2acb7f860, 0x000001e2acb7fef0, 0x000001e2acb7d100,
0x000001e2acb80c10, 0x000001e2acb7eb40, 0x000001e2acb7d790, 0x000001e2acb812a0,
0x000001e2acb7de20, 0x000001e2acb81930, 0x000001e2acb7e4b0, 0x000001e2acb82650,
0x000001e2acb81fc0, 0x000001e2acb84720, 0x000001e2acb82ce0, 0x000001e2acb83370,
0x000001e2acb83a00, 0x000001e2acb84090, 0x000001e2f741d730, 0x000001e2f7420bb0,
0x000001e2f74218d0, 0x000001e2f741f800, 0x000001e2f7423310, 0x000001e2f74239a0,
0x000001e2f7424030, 0x000001e2f74246c0, 0x000001e2f7421f60, 0x000001e2f362f150,
0x000001e2f362c9f0, 0x000001e2f362d710, 0x000001e2f362dda0, 0x000001e2f362d080,
0x000001e2f362c360, 0x000001e2f3630500, 0x000001e2f362fe70, 0x000001e2f362f7e0,
0x000001e2f3630b90, 0x000001e2f362e430, 0x000001e2f3631220, 0x000001e2f36318b0,
0x000001e2f3631f40, 0x000001e2f362eac0, 0x000001e2f3633980, 0x000001e2f36325d0,
0x000001e2f3632c60, 0x000001e2f36332f0, 0x000001e2f2f2ed80, 0x000001e2f2f2e6f0,
0x000001e2f2f30e50, 0x000001e2f2f2faa0, 0x000001e2f2f314e0, 0x000001e2f2f2e060,
0x000001e2f2f31b70, 0x000001e2f2f32200, 0x000001e2f2f2f410, 0x000001e2f2f32890,
0x000001e2f2f32f20, 0x000001e2f2f335b0, 0x000001e2f2f30130, 0x000001e2f2f33c40,
0x000001e2f2f307c0, 0x000001e2f2f35680, 0x000001e2f2f342d0, 0x000001e2f2f34960,
0x000001e2f2f34ff0, 0x000001e2f4de92c0, 0x000001e2f4dead00, 0x000001e2f4dec0b0,
0x000001e2f4decdd0, 0x000001e2f4dec740, 0x000001e2f4deb390, 0x000001e2f4ded460,
0x000001e2f4deba20, 0x000001e2f4de9fe0, 0x000001e2f4dee180, 0x000001e2f4deeea0,
0x000001e2f4def530, 0x000001e2f4defbc0, 0x000001e2f4df0250, 0x000001e2f4dedaf0,
0x000001e2f6b5c4c0, 0x000001e2f6b596d0, 0x000001e2f6b5be30, 0x000001e2f6b59d60,
0x000001e2f6b59040, 0x000001e2f6b5cb50, 0x000001e2f6b5d1e0, 0x000001e2f6b5d870,
0x000001e2f6b5a3f0, 0x000001e2f6b5aa80, 0x000001e2f6b5df00, 0x000001e2f6b5e590,
0x000001e2f6b5b110, 0x000001e2f6b5ec20, 0x000001e2f6b5b7a0, 0x000001e2f6b60660,
0x000001e2f4e0b500, 0x000001e2f6b5ffd0, 0x000001e2f6b5f2b0, 0x000001e2f6b5f940,
0x000001e2f4de9950, 0x000001e2f65765f0, 0x000001e2f6575f60, 0x000001e2f6578030,
0x000001e2f6576c80, 0x000001e2f6577310, 0x000001e2f65758d0, 0x000001e2f6575240
}
_to_delete_list=0x000001e2f3a48b40, length=155, elements={
0x000001e2fc0e23e0, 0x000001e2ffd40ea0, 0x000001e2ffd43910, 0x000001e2ffd48560,
0x000001e2ffd48fc0, 0x000001e2ffd4a370, 0x000001e2ffd4f070, 0x000001e2ffd5cda0,
0x000001e2ac7b0090, 0x000001e2ffd4c280, 0x000001e2ffd4c910, 0x000001e2ffd4dcc0,
0x000001e2ffd4d630, 0x000001e2ffd4cfa0, 0x000001e2ffd4bbf0, 0x000001e2f3f2a7c0,
0x000001e2f3f29410, 0x000001e2f3f2ae50, 0x000001e2f3f2c200, 0x000001e2f3f2b4e0,
0x000001e2f3f2bb70, 0x000001e2f3f2cf20, 0x000001e2f3f2c890, 0x000001e2f3f29aa0,
0x000001e2f3f2a130, 0x000001e2f3f30a30, 0x000001e2f3f2dc40, 0x000001e2f3f2f680,
0x000001e2f3f2fd10, 0x000001e2f3f303a0, 0x000001e2f5d84090, 0x000001e2f5d84720,
0x000001e2f5d83a00, 0x000001e2f5d82ce0, 0x000001e2f5d81fc0, 0x000001e2f5d83370,
0x000001e2f5d81930, 0x000001e2f5d85440, 0x000001e2f5d87ba0, 0x000001e2f5d88230,
0x000001e2f5d867f0, 0x000001e2f5d888c0, 0x000001e2f5d85ad0, 0x000001e2f5d88f50,
0x000001e2f5d86160, 0x000001e2f5d86e80, 0x000001e2f5d87510, 0x000001e2acb80580,
0x000001e2acb7f1d0, 0x000001e2acb7f860, 0x000001e2acb7fef0, 0x000001e2acb7d100,
0x000001e2acb80c10, 0x000001e2acb7eb40, 0x000001e2acb7d790, 0x000001e2acb812a0,
0x000001e2acb7de20, 0x000001e2acb81930, 0x000001e2acb7e4b0, 0x000001e2acb82650,
0x000001e2acb81fc0, 0x000001e2acb84720, 0x000001e2acb82ce0, 0x000001e2acb83370,
0x000001e2acb83a00, 0x000001e2acb84090, 0x000001e2f741d730, 0x000001e2f7420bb0,
0x000001e2f74218d0, 0x000001e2f741f800, 0x000001e2f7423310, 0x000001e2f74239a0,
0x000001e2f7424030, 0x000001e2f74246c0, 0x000001e2f7421f60, 0x000001e2f362f150,
0x000001e2f362c9f0, 0x000001e2f362d710, 0x000001e2f362dda0, 0x000001e2f362d080,
0x000001e2f362c360, 0x000001e2f3630500, 0x000001e2f362fe70, 0x000001e2f362f7e0,
0x000001e2f3630b90, 0x000001e2f362e430, 0x000001e2f3631220, 0x000001e2f36318b0,
0x000001e2f3631f40, 0x000001e2f362eac0, 0x000001e2f3633980, 0x000001e2f36325d0,
0x000001e2f3632c60, 0x000001e2f36332f0, 0x000001e2f2f2ed80, 0x000001e2f2f2e6f0,
0x000001e2f2f30e50, 0x000001e2f2f2faa0, 0x000001e2f2f314e0, 0x000001e2f2f2e060,
0x000001e2f2f31b70, 0x000001e2f2f32200, 0x000001e2f2f2f410, 0x000001e2f2f32890,
0x000001e2f2f32f20, 0x000001e2f2f335b0, 0x000001e2f2f30130, 0x000001e2f2f33c40,
0x000001e2f2f307c0, 0x000001e2f2f35680, 0x000001e2f2f342d0, 0x000001e2f2f34960,
0x000001e2f2f34ff0, 0x000001e2f4de92c0, 0x000001e2f4dead00, 0x000001e2f4dec0b0,
0x000001e2f4decdd0, 0x000001e2f4dec740, 0x000001e2f4deb390, 0x000001e2f4ded460,
0x000001e2f4deba20, 0x000001e2f4de9fe0, 0x000001e2f4dee180, 0x000001e2f4deeea0,
0x000001e2f4def530, 0x000001e2f4defbc0, 0x000001e2f4df0250, 0x000001e2f4dedaf0,
0x000001e2f6b5c4c0, 0x000001e2f6b596d0, 0x000001e2f6b5be30, 0x000001e2f6b59d60,
0x000001e2f6b59040, 0x000001e2f6b5cb50, 0x000001e2f6b5d1e0, 0x000001e2f6b5d870,
0x000001e2f6b5a3f0, 0x000001e2f6b5aa80, 0x000001e2f6b5df00, 0x000001e2f6b5e590,
0x000001e2f6b5b110, 0x000001e2f6b5ec20, 0x000001e2f6b5b7a0, 0x000001e2f6b60660,
0x000001e2f4e0b500, 0x000001e2f6b5ffd0, 0x000001e2f6b5f2b0, 0x000001e2f6b5f940,
0x000001e2f4de9950, 0x000001e2f65765f0, 0x000001e2f6575f60, 0x000001e2f6578030,
0x000001e2f6576c80, 0x000001e2f6577310, 0x000001e2f65758d0
}

Java Threads: ( => current thread )
  0x000001e2fc0e23e0 JavaThread "main"                              [_thread_blocked, id=31452, stack(0x000000702ff00000,0x0000007030000000) (1024K)]
  0x000001e2ffd40ea0 JavaThread "Reference Handler"          daemon [_thread_blocked, id=20980, stack(0x0000007030700000,0x0000007030800000) (1024K)]
  0x000001e2ffd43910 JavaThread "Finalizer"                  daemon [_thread_blocked, id=10232, stack(0x0000007030800000,0x0000007030900000) (1024K)]
  0x000001e2ffd48560 JavaThread "Signal Dispatcher"          daemon [_thread_blocked, id=11524, stack(0x0000007030900000,0x0000007030a00000) (1024K)]
  0x000001e2ffd48fc0 JavaThread "Attach Listener"            daemon [_thread_blocked, id=10336, stack(0x0000007030a00000,0x0000007030b00000) (1024K)]
  0x000001e2ffd4a370 JavaThread "Service Thread"             daemon [_thread_blocked, id=14236, stack(0x0000007030b00000,0x0000007030c00000) (1024K)]
  0x000001e2ffd4f070 JavaThread "Monitor Deflation Thread"   daemon [_thread_blocked, id=24804, stack(0x0000007030c00000,0x0000007030d00000) (1024K)]
  0x000001e2ffd5cda0 JavaThread "C2 CompilerThread0"         daemon [_thread_blocked, id=3152, stack(0x0000007030d00000,0x0000007030e00000) (1024K)]
  0x000001e2ac7b0090 JavaThread "C1 CompilerThread0"         daemon [_thread_in_native, id=29572, stack(0x0000007030e00000,0x0000007030f00000) (1024K)]
  0x000001e2ffd4c280 JavaThread "Common-Cleaner"             daemon [_thread_blocked, id=27024, stack(0x0000007031000000,0x0000007031100000) (1024K)]
  0x000001e2ffd4c910 JavaThread "Notification Thread"        daemon [_thread_blocked, id=29756, stack(0x0000007031100000,0x0000007031200000) (1024K)]
  0x000001e2ffd4dcc0 JavaThread "Daemon health stats"               [_thread_blocked, id=1996, stack(0x0000007031800000,0x0000007031900000) (1024K)]
  0x000001e2ffd4d630 JavaThread "Incoming local TCP Connector on port 61601"        [_thread_in_native, id=30688, stack(0x0000007031900000,0x0000007031a00000) (1024K)]
  0x000001e2ffd4cfa0 JavaThread "Daemon periodic checks"            [_thread_blocked, id=8204, stack(0x0000007031a00000,0x0000007031b00000) (1024K)]
  0x000001e2ffd4bbf0 JavaThread "Daemon"                            [_thread_blocked, id=21968, stack(0x0000007031b00000,0x0000007031c00000) (1024K)]
  0x000001e2f3f2a7c0 JavaThread "Handler for socket connection from /127.0.0.1:61601 to /127.0.0.1:61602"        [_thread_in_native, id=22980, stack(0x0000007031c00000,0x0000007031d00000) (1024K)]
  0x000001e2f3f29410 JavaThread "Cancel handler"                    [_thread_blocked, id=24780, stack(0x0000007031d00000,0x0000007031e00000) (1024K)]
  0x000001e2f3f2ae50 JavaThread "Daemon worker"                     [_thread_in_vm, id=21384, stack(0x0000007032200000,0x0000007032300000) (1024K)]
  0x000001e2f3f2c200 JavaThread "Asynchronous log dispatcher for DefaultDaemonConnection: socket connection from /127.0.0.1:61601 to /127.0.0.1:61602"        [_thread_blocked, id=24348, stack(0x0000007032300000,0x0000007032400000) (1024K)]
  0x000001e2f3f2b4e0 JavaThread "Stdin handler"                     [_thread_blocked, id=31384, stack(0x0000007032400000,0x0000007032500000) (1024K)]
  0x000001e2f3f2bb70 JavaThread "Daemon client event forwarder"        [_thread_blocked, id=5140, stack(0x0000007032500000,0x0000007032600000) (1024K)]
  0x000001e2f3f2cf20 JavaThread "Cache worker for journal cache (C:\Users\User\.gradle\caches\journal-1)"        [_thread_blocked, id=30916, stack(0x0000007030f00000,0x0000007031000000) (1024K)]
  0x000001e2f3f2c890 JavaThread "File lock request listener"        [_thread_in_native, id=8464, stack(0x0000007031700000,0x0000007031800000) (1024K)]
  0x000001e2f3f29aa0 JavaThread "Cache worker for file hash cache (C:\Users\User\.gradle\caches\8.14\fileHashes)"        [_thread_blocked, id=27484, stack(0x0000007032600000,0x0000007032700000) (1024K)]
  0x000001e2f3f2a130 JavaThread "Cache worker for file hash cache (E:\Academic\flutter project\campus_explorer_app\campus_explorer\android\.gradle\8.14\fileHashes)"        [_thread_blocked, id=20444, stack(0x0000007032700000,0x0000007032800000) (1024K)]
  0x000001e2f3f30a30 JavaThread "Cache worker for Build Output Cleanup Cache (E:\Academic\flutter project\campus_explorer_app\campus_explorer\android\.gradle\buildOutputCleanup)"        [_thread_blocked, id=9380, stack(0x0000007032a00000,0x0000007032b00000) (1024K)]
  0x000001e2f3f2dc40 JavaThread "File watcher server"        daemon [_thread_in_native, id=21684, stack(0x0000007032b00000,0x0000007032c00000) (1024K)]
  0x000001e2f3f2f680 JavaThread "File watcher consumer"      daemon [_thread_blocked, id=32320, stack(0x0000007032c00000,0x0000007032d00000) (1024K)]
  0x000001e2f3f2fd10 JavaThread "Cache worker for checksums cache (E:\Academic\flutter project\campus_explorer_app\campus_explorer\android\.gradle\8.14\checksums)"        [_thread_blocked, id=17824, stack(0x0000007032e00000,0x0000007032f00000) (1024K)]
  0x000001e2f3f303a0 JavaThread "Cache worker for file content cache (C:\Users\User\.gradle\caches\8.14\fileContent)"        [_thread_blocked, id=2328, stack(0x0000007032f00000,0x0000007033000000) (1024K)]
  0x000001e2f5d84090 JavaThread "Cache worker for cache directory md-supplier (C:\Users\User\.gradle\caches\8.14\md-supplier)"        [_thread_blocked, id=33452, stack(0x0000007033000000,0x0000007033100000) (1024K)]
  0x000001e2f5d84720 JavaThread "Cache worker for cache directory md-rule (C:\Users\User\.gradle\caches\8.14\md-rule)"        [_thread_blocked, id=14688, stack(0x0000007033100000,0x0000007033200000) (1024K)]
  0x000001e2f5d83a00 JavaThread "Cache worker for Build Output Cleanup Cache (C:\flutter\packages\flutter_tools\gradle\.gradle\buildOutputCleanup)"        [_thread_blocked, id=16380, stack(0x0000007033200000,0x0000007033300000) (1024K)]
  0x000001e2f5d82ce0 JavaThread "Unconstrained build operations"        [_thread_blocked, id=7324, stack(0x0000007033300000,0x0000007033400000) (1024K)]
  0x000001e2f5d81fc0 JavaThread "Unconstrained build operations Thread 2"        [_thread_blocked, id=30108, stack(0x0000007033400000,0x0000007033500000) (1024K)]
  0x000001e2f5d83370 JavaThread "Unconstrained build operations Thread 3"        [_thread_blocked, id=1380, stack(0x0000007033500000,0x0000007033600000) (1024K)]
  0x000001e2f5d81930 JavaThread "Unconstrained build operations Thread 4"        [_thread_blocked, id=9852, stack(0x0000007033600000,0x0000007033700000) (1024K)]
  0x000001e2f5d85440 JavaThread "Unconstrained build operations Thread 5"        [_thread_blocked, id=19428, stack(0x0000007033700000,0x0000007033800000) (1024K)]
  0x000001e2f5d87ba0 JavaThread "Unconstrained build operations Thread 6"        [_thread_blocked, id=31776, stack(0x0000007033800000,0x0000007033900000) (1024K)]
  0x000001e2f5d88230 JavaThread "Unconstrained build operations Thread 7"        [_thread_blocked, id=28552, stack(0x0000007033900000,0x0000007033a00000) (1024K)]
  0x000001e2f5d867f0 JavaThread "Unconstrained build operations Thread 8"        [_thread_blocked, id=4940, stack(0x0000007033a00000,0x0000007033b00000) (1024K)]
  0x000001e2f5d888c0 JavaThread "Unconstrained build operations Thread 9"        [_thread_blocked, id=19072, stack(0x0000007033b00000,0x0000007033c00000) (1024K)]
  0x000001e2f5d85ad0 JavaThread "Unconstrained build operations Thread 10"        [_thread_blocked, id=11956, stack(0x0000007033c00000,0x0000007033d00000) (1024K)]
  0x000001e2f5d88f50 JavaThread "Unconstrained build operations Thread 11"        [_thread_blocked, id=22828, stack(0x0000007033d00000,0x0000007033e00000) (1024K)]
  0x000001e2f5d86160 JavaThread "Unconstrained build operations Thread 12"        [_thread_blocked, id=4032, stack(0x0000007032d00000,0x0000007032e00000) (1024K)]
  0x000001e2f5d86e80 JavaThread "Unconstrained build operations Thread 13"        [_thread_blocked, id=21664, stack(0x0000007033e00000,0x0000007033f00000) (1024K)]
  0x000001e2f5d87510 JavaThread "Unconstrained build operations Thread 14"        [_thread_blocked, id=33044, stack(0x0000007033f00000,0x0000007034000000) (1024K)]
  0x000001e2acb80580 JavaThread "Unconstrained build operations Thread 15"        [_thread_blocked, id=6808, stack(0x0000007034000000,0x0000007034100000) (1024K)]
  0x000001e2acb7f1d0 JavaThread "Unconstrained build operations Thread 16"        [_thread_blocked, id=2960, stack(0x0000007034100000,0x0000007034200000) (1024K)]
  0x000001e2acb7f860 JavaThread "Unconstrained build operations Thread 17"        [_thread_blocked, id=30064, stack(0x0000007034200000,0x0000007034300000) (1024K)]
  0x000001e2acb7fef0 JavaThread "Unconstrained build operations Thread 18"        [_thread_blocked, id=2332, stack(0x0000007034300000,0x0000007034400000) (1024K)]
  0x000001e2acb7d100 JavaThread "Unconstrained build operations Thread 19"        [_thread_blocked, id=10176, stack(0x0000007034400000,0x0000007034500000) (1024K)]
  0x000001e2acb80c10 JavaThread "Unconstrained build operations Thread 20"        [_thread_blocked, id=760, stack(0x0000007034500000,0x0000007034600000) (1024K)]
  0x000001e2acb7eb40 JavaThread "Unconstrained build operations Thread 21"        [_thread_blocked, id=9184, stack(0x0000007034600000,0x0000007034700000) (1024K)]
  0x000001e2acb7d790 JavaThread "Unconstrained build operations Thread 22"        [_thread_blocked, id=20080, stack(0x0000007034700000,0x0000007034800000) (1024K)]
  0x000001e2acb812a0 JavaThread "Unconstrained build operations Thread 23"        [_thread_blocked, id=10376, stack(0x0000007034800000,0x0000007034900000) (1024K)]
  0x000001e2acb7de20 JavaThread "Unconstrained build operations Thread 24"        [_thread_blocked, id=33048, stack(0x0000007034900000,0x0000007034a00000) (1024K)]
  0x000001e2acb81930 JavaThread "Unconstrained build operations Thread 25"        [_thread_blocked, id=20452, stack(0x0000007034a00000,0x0000007034b00000) (1024K)]
  0x000001e2acb7e4b0 JavaThread "Unconstrained build operations Thread 26"        [_thread_blocked, id=9520, stack(0x0000007034b00000,0x0000007034c00000) (1024K)]
  0x000001e2acb82650 JavaThread "Unconstrained build operations Thread 27"        [_thread_blocked, id=27772, stack(0x0000007034c00000,0x0000007034d00000) (1024K)]
  0x000001e2acb81fc0 JavaThread "Unconstrained build operations Thread 28"        [_thread_blocked, id=4548, stack(0x0000007034d00000,0x0000007034e00000) (1024K)]
  0x000001e2acb84720 JavaThread "Unconstrained build operations Thread 29"        [_thread_blocked, id=22864, stack(0x0000007034e00000,0x0000007034f00000) (1024K)]
  0x000001e2acb82ce0 JavaThread "Unconstrained build operations Thread 30"        [_thread_blocked, id=3900, stack(0x0000007034f00000,0x0000007035000000) (1024K)]
  0x000001e2acb83370 JavaThread "Unconstrained build operations Thread 31"        [_thread_blocked, id=30564, stack(0x0000007035000000,0x0000007035100000) (1024K)]
  0x000001e2acb83a00 JavaThread "Unconstrained build operations Thread 32"        [_thread_blocked, id=30440, stack(0x0000007035100000,0x0000007035200000) (1024K)]
  0x000001e2acb84090 JavaThread "Unconstrained build operations Thread 33"        [_thread_blocked, id=17220, stack(0x0000007035200000,0x0000007035300000) (1024K)]
  0x000001e2f741d730 JavaThread "Memory manager"                    [_thread_blocked, id=25412, stack(0x0000007035400000,0x0000007035500000) (1024K)]
  0x000001e2f7420bb0 JavaThread "build event listener"              [_thread_blocked, id=17240, stack(0x0000007035300000,0x0000007035400000) (1024K)]
  0x000001e2f74218d0 JavaThread "included builds"                   [_thread_blocked, id=23912, stack(0x0000007035600000,0x0000007035700000) (1024K)]
  0x000001e2f741f800 JavaThread "Execution worker"                  [_thread_blocked, id=16516, stack(0x0000007035700000,0x0000007035800000) (1024K)]
  0x000001e2f7423310 JavaThread "Execution worker Thread 2"         [_thread_blocked, id=28908, stack(0x0000007035800000,0x0000007035900000) (1024K)]
  0x000001e2f74239a0 JavaThread "Execution worker Thread 3"         [_thread_blocked, id=29016, stack(0x0000007035900000,0x0000007035a00000) (1024K)]
  0x000001e2f7424030 JavaThread "Execution worker Thread 4"         [_thread_blocked, id=18200, stack(0x0000007035a00000,0x0000007035b00000) (1024K)]
  0x000001e2f74246c0 JavaThread "Execution worker Thread 5"         [_thread_blocked, id=21868, stack(0x0000007035b00000,0x0000007035c00000) (1024K)]
  0x000001e2f7421f60 JavaThread "Execution worker Thread 6"         [_thread_blocked, id=14496, stack(0x0000007035c00000,0x0000007035d00000) (1024K)]
  0x000001e2f362f150 JavaThread "Execution worker Thread 7"         [_thread_blocked, id=13332, stack(0x0000007035d00000,0x0000007035e00000) (1024K)]
  0x000001e2f362c9f0 JavaThread "Execution worker Thread 8"         [_thread_blocked, id=12500, stack(0x0000007035e00000,0x0000007035f00000) (1024K)]
  0x000001e2f362d710 JavaThread "Execution worker Thread 9"         [_thread_blocked, id=12944, stack(0x0000007035f00000,0x0000007036000000) (1024K)]
  0x000001e2f362dda0 JavaThread "Execution worker Thread 10"        [_thread_blocked, id=21656, stack(0x0000007036000000,0x0000007036100000) (1024K)]
  0x000001e2f362d080 JavaThread "Execution worker Thread 11"        [_thread_blocked, id=24236, stack(0x0000007036100000,0x0000007036200000) (1024K)]
  0x000001e2f362c360 JavaThread "Cache worker for execution history cache (C:\flutter\packages\flutter_tools\gradle\.gradle\8.14\executionHistory)"        [_thread_blocked, id=32972, stack(0x0000007035500000,0x0000007035600000) (1024K)]
  0x000001e2f3630500 JavaThread "Unconstrained build operations Thread 34"        [_thread_blocked, id=6540, stack(0x0000007036200000,0x0000007036300000) (1024K)]
  0x000001e2f362fe70 JavaThread "Unconstrained build operations Thread 35"        [_thread_blocked, id=26504, stack(0x0000007036300000,0x0000007036400000) (1024K)]
  0x000001e2f362f7e0 JavaThread "Unconstrained build operations Thread 36"        [_thread_blocked, id=13452, stack(0x0000007036400000,0x0000007036500000) (1024K)]
  0x000001e2f3630b90 JavaThread "Unconstrained build operations Thread 37"        [_thread_blocked, id=4028, stack(0x0000007036500000,0x0000007036600000) (1024K)]
  0x000001e2f362e430 JavaThread "Unconstrained build operations Thread 38"        [_thread_blocked, id=14348, stack(0x0000007036600000,0x0000007036700000) (1024K)]
  0x000001e2f3631220 JavaThread "Unconstrained build operations Thread 39"        [_thread_blocked, id=1764, stack(0x0000007036700000,0x0000007036800000) (1024K)]
  0x000001e2f36318b0 JavaThread "Unconstrained build operations Thread 40"        [_thread_blocked, id=32000, stack(0x0000007036800000,0x0000007036900000) (1024K)]
  0x000001e2f3631f40 JavaThread "Unconstrained build operations Thread 41"        [_thread_blocked, id=33664, stack(0x0000007036900000,0x0000007036a00000) (1024K)]
  0x000001e2f362eac0 JavaThread "Unconstrained build operations Thread 42"        [_thread_blocked, id=3632, stack(0x0000007036a00000,0x0000007036b00000) (1024K)]
  0x000001e2f3633980 JavaThread "Unconstrained build operations Thread 43"        [_thread_blocked, id=10904, stack(0x0000007036b00000,0x0000007036c00000) (1024K)]
  0x000001e2f36325d0 JavaThread "Unconstrained build operations Thread 44"        [_thread_blocked, id=19552, stack(0x0000007036c00000,0x0000007036d00000) (1024K)]
  0x000001e2f3632c60 JavaThread "Unconstrained build operations Thread 45"        [_thread_blocked, id=24344, stack(0x0000007036d00000,0x0000007036e00000) (1024K)]
  0x000001e2f36332f0 JavaThread "Unconstrained build operations Thread 46"        [_thread_blocked, id=6860, stack(0x0000007036e00000,0x0000007036f00000) (1024K)]
  0x000001e2f2f2ed80 JavaThread "Unconstrained build operations Thread 47"        [_thread_blocked, id=4540, stack(0x0000007036f00000,0x0000007037000000) (1024K)]
  0x000001e2f2f2e6f0 JavaThread "Unconstrained build operations Thread 48"        [_thread_blocked, id=32880, stack(0x0000007037000000,0x0000007037100000) (1024K)]
  0x000001e2f2f30e50 JavaThread "Unconstrained build operations Thread 49"        [_thread_blocked, id=28096, stack(0x0000007037100000,0x0000007037200000) (1024K)]
  0x000001e2f2f2faa0 JavaThread "Unconstrained build operations Thread 50"        [_thread_blocked, id=26920, stack(0x0000007037200000,0x0000007037300000) (1024K)]
  0x000001e2f2f314e0 JavaThread "Unconstrained build operations Thread 51"        [_thread_blocked, id=21232, stack(0x0000007037300000,0x0000007037400000) (1024K)]
  0x000001e2f2f2e060 JavaThread "Unconstrained build operations Thread 52"        [_thread_blocked, id=9208, stack(0x0000007037400000,0x0000007037500000) (1024K)]
  0x000001e2f2f31b70 JavaThread "Unconstrained build operations Thread 53"        [_thread_blocked, id=4728, stack(0x0000007037500000,0x0000007037600000) (1024K)]
  0x000001e2f2f32200 JavaThread "Unconstrained build operations Thread 54"        [_thread_blocked, id=30356, stack(0x0000007037600000,0x0000007037700000) (1024K)]
  0x000001e2f2f2f410 JavaThread "Unconstrained build operations Thread 55"        [_thread_blocked, id=10516, stack(0x0000007037700000,0x0000007037800000) (1024K)]
  0x000001e2f2f32890 JavaThread "Unconstrained build operations Thread 56"        [_thread_blocked, id=29844, stack(0x0000007037800000,0x0000007037900000) (1024K)]
  0x000001e2f2f32f20 JavaThread "Unconstrained build operations Thread 57"        [_thread_blocked, id=28184, stack(0x0000007037900000,0x0000007037a00000) (1024K)]
  0x000001e2f2f335b0 JavaThread "Unconstrained build operations Thread 58"        [_thread_blocked, id=8788, stack(0x0000007037a00000,0x0000007037b00000) (1024K)]
  0x000001e2f2f30130 JavaThread "Unconstrained build operations Thread 59"        [_thread_blocked, id=29160, stack(0x0000007037b00000,0x0000007037c00000) (1024K)]
  0x000001e2f2f33c40 JavaThread "Unconstrained build operations Thread 60"        [_thread_blocked, id=21476, stack(0x0000007037c00000,0x0000007037d00000) (1024K)]
  0x000001e2f2f307c0 JavaThread "Unconstrained build operations Thread 61"        [_thread_blocked, id=10624, stack(0x0000007037d00000,0x0000007037e00000) (1024K)]
  0x000001e2f2f35680 JavaThread "Unconstrained build operations Thread 62"        [_thread_blocked, id=32952, stack(0x0000007037e00000,0x0000007037f00000) (1024K)]
  0x000001e2f2f342d0 JavaThread "Unconstrained build operations Thread 63"        [_thread_blocked, id=26160, stack(0x0000007037f00000,0x0000007038000000) (1024K)]
  0x000001e2f2f34960 JavaThread "Unconstrained build operations Thread 64"        [_thread_blocked, id=24644, stack(0x0000007038000000,0x0000007038100000) (1024K)]
  0x000001e2f2f34ff0 JavaThread "Unconstrained build operations Thread 65"        [_thread_blocked, id=28128, stack(0x0000007038100000,0x0000007038200000) (1024K)]
  0x000001e2f4de92c0 JavaThread "Unconstrained build operations Thread 66"        [_thread_blocked, id=32096, stack(0x0000007038200000,0x0000007038300000) (1024K)]
  0x000001e2f4dead00 JavaThread "Unconstrained build operations Thread 67"        [_thread_blocked, id=15768, stack(0x0000007038400000,0x0000007038500000) (1024K)]
  0x000001e2f4dec0b0 JavaThread "Unconstrained build operations Thread 68"        [_thread_blocked, id=4912, stack(0x0000007038500000,0x0000007038600000) (1024K)]
  0x000001e2f4decdd0 JavaThread "WorkerExecutor Queue"              [_thread_blocked, id=14804, stack(0x0000007038600000,0x0000007038700000) (1024K)]
  0x000001e2f4dec740 JavaThread "RMI Scheduler(0)"           daemon [_thread_blocked, id=32520, stack(0x0000007038300000,0x0000007038400000) (1024K)]
  0x000001e2f4deb390 JavaThread "RMI GC Daemon"              daemon [_thread_blocked, id=16144, stack(0x0000007038800000,0x0000007038900000) (1024K)]
  0x000001e2f4ded460 JavaThread "RMI TCP Accept-0"           daemon [_thread_in_native, id=10016, stack(0x0000007038900000,0x0000007038a00000) (1024K)]
  0x000001e2f4deba20 JavaThread "RMI Reaper"                        [_thread_blocked, id=8244, stack(0x0000007038a00000,0x0000007038b00000) (1024K)]
  0x000001e2f4de9fe0 JavaThread "RMI TCP Connection(2)-127.0.0.1" daemon [_thread_in_native, id=18896, stack(0x0000007038b00000,0x0000007038c00000) (1024K)]
  0x000001e2f4dee180 JavaThread "Unconstrained build operations Thread 69"        [_thread_blocked, id=3832, stack(0x0000007038c00000,0x0000007038d00000) (1024K)]
  0x000001e2f4deeea0 JavaThread "Unconstrained build operations Thread 70"        [_thread_blocked, id=21788, stack(0x0000007038d00000,0x0000007038e00000) (1024K)]
  0x000001e2f4def530 JavaThread "Unconstrained build operations Thread 71"        [_thread_blocked, id=412, stack(0x0000007038e00000,0x0000007038f00000) (1024K)]
  0x000001e2f4defbc0 JavaThread "Unconstrained build operations Thread 72"        [_thread_blocked, id=15072, stack(0x0000007038f00000,0x0000007039000000) (1024K)]
  0x000001e2f4df0250 JavaThread "Unconstrained build operations Thread 73"        [_thread_blocked, id=18472, stack(0x0000007039000000,0x0000007039100000) (1024K)]
  0x000001e2f4dedaf0 JavaThread "Unconstrained build operations Thread 74"        [_thread_blocked, id=11704, stack(0x0000007039100000,0x0000007039200000) (1024K)]
  0x000001e2f6b5c4c0 JavaThread "Unconstrained build operations Thread 75"        [_thread_blocked, id=768, stack(0x0000007039200000,0x0000007039300000) (1024K)]
  0x000001e2f6b596d0 JavaThread "Unconstrained build operations Thread 76"        [_thread_blocked, id=25612, stack(0x0000007039300000,0x0000007039400000) (1024K)]
  0x000001e2f6b5be30 JavaThread "Unconstrained build operations Thread 77"        [_thread_blocked, id=10068, stack(0x0000007039400000,0x0000007039500000) (1024K)]
  0x000001e2f6b59d60 JavaThread "Unconstrained build operations Thread 78"        [_thread_blocked, id=21904, stack(0x0000007039500000,0x0000007039600000) (1024K)]
  0x000001e2f6b59040 JavaThread "Unconstrained build operations Thread 79"        [_thread_blocked, id=12924, stack(0x0000007039600000,0x0000007039700000) (1024K)]
  0x000001e2f6b5cb50 JavaThread "Unconstrained build operations Thread 80"        [_thread_blocked, id=14340, stack(0x0000007039700000,0x0000007039800000) (1024K)]
  0x000001e2f6b5d1e0 JavaThread "Unconstrained build operations Thread 81"        [_thread_blocked, id=16684, stack(0x0000007039800000,0x0000007039900000) (1024K)]
  0x000001e2f6b5d870 JavaThread "Unconstrained build operations Thread 82"        [_thread_blocked, id=32732, stack(0x0000007039900000,0x0000007039a00000) (1024K)]
  0x000001e2f6b5a3f0 JavaThread "Unconstrained build operations Thread 83"        [_thread_blocked, id=16368, stack(0x0000007039a00000,0x0000007039b00000) (1024K)]
  0x000001e2f6b5aa80 JavaThread "Unconstrained build operations Thread 84"        [_thread_blocked, id=13100, stack(0x0000007039b00000,0x0000007039c00000) (1024K)]
  0x000001e2f6b5df00 JavaThread "Unconstrained build operations Thread 85"        [_thread_blocked, id=6168, stack(0x0000007039c00000,0x0000007039d00000) (1024K)]
  0x000001e2f6b5e590 JavaThread "Unconstrained build operations Thread 86"        [_thread_blocked, id=17264, stack(0x0000007039d00000,0x0000007039e00000) (1024K)]
  0x000001e2f6b5b110 JavaThread "Unconstrained build operations Thread 87"        [_thread_blocked, id=32472, stack(0x0000007039e00000,0x0000007039f00000) (1024K)]
  0x000001e2f6b5ec20 JavaThread "Unconstrained build operations Thread 88"        [_thread_blocked, id=26948, stack(0x0000007039f00000,0x000000703a000000) (1024K)]
  0x000001e2f6b5b7a0 JavaThread "Unconstrained build operations Thread 89"        [_thread_blocked, id=21936, stack(0x000000703a000000,0x000000703a100000) (1024K)]
  0x000001e2f6b60660 JavaThread "Unconstrained build operations Thread 90"        [_thread_blocked, id=28228, stack(0x000000703a100000,0x000000703a200000) (1024K)]
=>0x000001e2f4e0b500 JavaThread "C2 CompilerThread1"         daemon [_thread_in_native, id=7008, stack(0x000000703a200000,0x000000703a300000) (1024K)]
  0x000001e2f6b5ffd0 JavaThread "Unconstrained build operations Thread 91"        [_thread_blocked, id=25016, stack(0x0000007038700000,0x0000007038800000) (1024K)]
  0x000001e2f6b5f2b0 JavaThread "Unconstrained build operations Thread 92"        [_thread_blocked, id=17048, stack(0x000000703a300000,0x000000703a400000) (1024K)]
  0x000001e2f6b5f940 JavaThread "Unconstrained build operations Thread 93"        [_thread_blocked, id=16148, stack(0x000000703a400000,0x000000703a500000) (1024K)]
  0x000001e2f4de9950 JavaThread "Unconstrained build operations Thread 94"        [_thread_blocked, id=21048, stack(0x000000703a500000,0x000000703a600000) (1024K)]
  0x000001e2f65765f0 JavaThread "Unconstrained build operations Thread 95"        [_thread_blocked, id=11096, stack(0x000000703a600000,0x000000703a700000) (1024K)]
  0x000001e2f6575f60 JavaThread "Unconstrained build operations Thread 96"        [_thread_blocked, id=32064, stack(0x000000703a700000,0x000000703a800000) (1024K)]
  0x000001e2f6578030 JavaThread "Unconstrained build operations Thread 97"        [_thread_blocked, id=22484, stack(0x000000703a800000,0x000000703a900000) (1024K)]
  0x000001e2f6576c80 JavaThread "Unconstrained build operations Thread 98"        [_thread_blocked, id=13136, stack(0x000000703a900000,0x000000703aa00000) (1024K)]
  0x000001e2f6577310 JavaThread "Unconstrained build operations Thread 99"        [_thread_blocked, id=26936, stack(0x000000703aa00000,0x000000703ab00000) (1024K)]
  0x000001e2f65758d0 JavaThread "Unconstrained build operations Thread 100"        [_thread_blocked, id=31812, stack(0x000000703ab00000,0x000000703ac00000) (1024K)]
  0x000001e2f6575240 JavaThread "Unconstrained build operations Thread 101"        [_thread_blocked, id=18840, stack(0x000000703ac00000,0x000000703ad00000) (1024K)]
Total: 156

Other Threads:
  0x000001e2ffd24bc0 VMThread "VM Thread"                           [id=18112, stack(0x0000007030600000,0x0000007030700000) (1024K)]
  0x000001e2ffd13500 WatcherThread "VM Periodic Task Thread"        [id=25552, stack(0x0000007030500000,0x0000007030600000) (1024K)]
  0x000001e2fc188fe0 WorkerThread "GC Thread#0"                     [id=17924, stack(0x0000007030000000,0x0000007030100000) (1024K)]
  0x000001e2acafd8e0 WorkerThread "GC Thread#1"                     [id=5832, stack(0x0000007031200000,0x0000007031300000) (1024K)]
  0x000001e2f201a0c0 WorkerThread "GC Thread#2"                     [id=5220, stack(0x0000007031300000,0x0000007031400000) (1024K)]
  0x000001e2f201a470 WorkerThread "GC Thread#3"                     [id=27628, stack(0x0000007031400000,0x0000007031500000) (1024K)]
  0x000001e2f201a820 WorkerThread "GC Thread#4"                     [id=4472, stack(0x0000007031500000,0x0000007031600000) (1024K)]
  0x000001e2acaa74f0 WorkerThread "GC Thread#5"                     [id=19532, stack(0x0000007031600000,0x0000007031700000) (1024K)]
  0x000001e2f40534d0 WorkerThread "GC Thread#6"                     [id=25884, stack(0x0000007031e00000,0x0000007031f00000) (1024K)]
  0x000001e2f4053880 WorkerThread "GC Thread#7"                     [id=864, stack(0x0000007031f00000,0x0000007032000000) (1024K)]
  0x000001e2f404e5f0 WorkerThread "GC Thread#8"                     [id=23524, stack(0x0000007032000000,0x0000007032100000) (1024K)]
  0x000001e2f404ed50 WorkerThread "GC Thread#9"                     [id=9436, stack(0x0000007032100000,0x0000007032200000) (1024K)]
  0x000001e2fc19b700 ConcurrentGCThread "G1 Main Marker"            [id=28108, stack(0x0000007030100000,0x0000007030200000) (1024K)]
  0x000001e2fc19c120 WorkerThread "G1 Conc#0"                       [id=10532, stack(0x0000007030200000,0x0000007030300000) (1024K)]
  0x000001e2f57d85b0 WorkerThread "G1 Conc#1"                       [id=26528, stack(0x0000007032800000,0x0000007032900000) (1024K)]
  0x000001e2f57d6830 WorkerThread "G1 Conc#2"                       [id=25032, stack(0x0000007032900000,0x0000007032a00000) (1024K)]
  0x000001e2ffbe3080 ConcurrentGCThread "G1 Refine#0"               [id=21056, stack(0x0000007030300000,0x0000007030400000) (1024K)]
  0x000001e2ffbe49c0 ConcurrentGCThread "G1 Service"                [id=32436, stack(0x0000007030400000,0x0000007030500000) (1024K)]
Total: 18

Threads with active compile tasks:
C2 CompilerThread0  82654 11329       4       java.net.URI$Parser::checkChars (44 bytes)
C2 CompilerThread1  82654 11258   !   4       com.google.common.cache.LocalCache$Segment::lockedGetOrLoad (447 bytes)
Total: 2

VM state: not at safepoint (normal execution)

VM Mutex/Monitor currently owned by a thread: None

Heap address: 0x0000000600000000, size: 8192 MB, Compressed Oops mode: Zero based, Oop shift amount: 3

CDS archive(s) mapped at: [0x000001e2ad000000-0x000001e2adba0000-0x000001e2adba0000), size 12189696, SharedBaseAddress: 0x000001e2ad000000, ArchiveRelocationMode: 1.
Compressed class space mapped at: 0x000001e2ae000000-0x000001e2ee000000, reserved size: 1073741824
Narrow klass base: 0x000001e2ad000000, Narrow klass shift: 0, Narrow klass range: 0x100000000

GC Precious Log:
 CardTable entry size: 512
 Card Set container configuration: InlinePtr #cards 4 size 8 Array Of Cards #cards 32 size 80 Howl #buckets 8 coarsen threshold 7372 Howl Bitmap #cards 1024 size 144 coarsen threshold 921 Card regions per heap region 1 cards per card region 8192
 CPUs: 12 total, 12 available
 Memory: 16052M
 Large Page Support: Disabled
 NUMA Support: Disabled
 Compressed Oops: Enabled (Zero based)
 Heap Region Size: 4M
 Heap Min Capacity: 8M
 Heap Initial Capacity: 252M
 Heap Max Capacity: 8G
 Pre-touch: Disabled
 Parallel Workers: 10
 Concurrent Workers: 3
 Concurrent Refinement Workers: 10
 Periodic GC: Disabled

Heap:
 garbage-first heap   total 151552K, used 110660K [0x0000000600000000, 0x0000000800000000)
  region size 4096K, 12 young (49152K), 2 survivors (8192K)
 Metaspace       used 77117K, committed 79296K, reserved 1179648K
  class space    used 11266K, committed 12352K, reserved 1048576K

Heap Regions: E=young(eden), S=young(survivor), O=old, HS=humongous(starts), HC=humongous(continues), CS=collection set, F=free, TAMS=top-at-mark-start, PB=parsable bottom
|   0|0x0000000600000000, 0x0000000600400000, 0x0000000600400000|100%|HS|  |TAMS 0x0000000600000000| PB 0x0000000600000000| Complete 
|   1|0x0000000600400000, 0x0000000600800000, 0x0000000600800000|100%| O|  |TAMS 0x0000000600400000| PB 0x0000000600400000| Untracked 
|   2|0x0000000600800000, 0x0000000600c00000, 0x0000000600c00000|100%| O|  |TAMS 0x0000000600800000| PB 0x0000000600800000| Untracked 
|   3|0x0000000600c00000, 0x0000000601000000, 0x0000000601000000|100%| O|  |TAMS 0x0000000600c00000| PB 0x0000000600c00000| Untracked 
|   4|0x0000000601000000, 0x0000000601400000, 0x0000000601400000|100%| O|  |TAMS 0x0000000601000000| PB 0x0000000601000000| Untracked 
|   5|0x0000000601400000, 0x0000000601800000, 0x0000000601800000|100%| O|  |TAMS 0x0000000601400000| PB 0x0000000601400000| Untracked 
|   6|0x0000000601800000, 0x0000000601c00000, 0x0000000601c00000|100%|HS|  |TAMS 0x0000000601800000| PB 0x0000000601800000| Complete 
|   7|0x0000000601c00000, 0x0000000602000000, 0x0000000602000000|100%| O|  |TAMS 0x0000000601c00000| PB 0x0000000601c00000| Untracked 
|   8|0x0000000602000000, 0x0000000602400000, 0x0000000602400000|100%| O|  |TAMS 0x0000000602000000| PB 0x0000000602000000| Untracked 
|   9|0x0000000602400000, 0x0000000602800000, 0x0000000602800000|100%| O|  |TAMS 0x0000000602400000| PB 0x0000000602400000| Untracked 
|  10|0x0000000602800000, 0x0000000602c00000, 0x0000000602c00000|100%|HS|  |TAMS 0x0000000602800000| PB 0x0000000602800000| Complete 
|  11|0x0000000602c00000, 0x0000000603000000, 0x0000000603000000|100%| O|  |TAMS 0x0000000602c00000| PB 0x0000000602c00000| Untracked 
|  12|0x0000000603000000, 0x0000000603400000, 0x0000000603400000|100%| O|  |TAMS 0x0000000603000000| PB 0x0000000603000000| Untracked 
|  13|0x0000000603400000, 0x0000000603800000, 0x0000000603800000|100%| O|  |TAMS 0x0000000603400000| PB 0x0000000603400000| Untracked 
|  14|0x0000000603800000, 0x00000006038113d0, 0x0000000603c00000|  1%| O|  |TAMS 0x0000000603800000| PB 0x0000000603800000| Untracked 
|  15|0x0000000603c00000, 0x0000000604000000, 0x0000000604000000|100%| O|  |TAMS 0x0000000603c00000| PB 0x0000000603c00000| Untracked 
|  16|0x0000000604000000, 0x0000000604000000, 0x0000000604400000|  0%| F|  |TAMS 0x0000000604000000| PB 0x0000000604000000| Untracked 
|  17|0x0000000604400000, 0x0000000604400000, 0x0000000604800000|  0%| F|  |TAMS 0x0000000604400000| PB 0x0000000604400000| Untracked 
|  18|0x0000000604800000, 0x0000000604800000, 0x0000000604c00000|  0%| F|  |TAMS 0x0000000604800000| PB 0x0000000604800000| Untracked 
|  19|0x0000000604c00000, 0x0000000604ffff48, 0x0000000605000000| 99%| S|CS|TAMS 0x0000000604c00000| PB 0x0000000604c00000| Complete 
|  20|0x0000000605000000, 0x0000000605400000, 0x0000000605400000|100%| S|CS|TAMS 0x0000000605000000| PB 0x0000000605000000| Complete 
|  21|0x0000000605400000, 0x0000000605400000, 0x0000000605800000|  0%| F|  |TAMS 0x0000000605400000| PB 0x0000000605400000| Untracked 
|  22|0x0000000605800000, 0x0000000605800000, 0x0000000605c00000|  0%| F|  |TAMS 0x0000000605800000| PB 0x0000000605800000| Untracked 
|  23|0x0000000605c00000, 0x0000000605c00000, 0x0000000606000000|  0%| F|  |TAMS 0x0000000605c00000| PB 0x0000000605c00000| Untracked 
|  24|0x0000000606000000, 0x0000000606000000, 0x0000000606400000|  0%| F|  |TAMS 0x0000000606000000| PB 0x0000000606000000| Untracked 
|  25|0x0000000606400000, 0x00000006067fae38, 0x0000000606800000| 99%| E|  |TAMS 0x0000000606400000| PB 0x0000000606400000| Complete 
|  26|0x0000000606800000, 0x0000000606c00000, 0x0000000606c00000|100%| E|CS|TAMS 0x0000000606800000| PB 0x0000000606800000| Complete 
|  27|0x0000000606c00000, 0x0000000607000000, 0x0000000607000000|100%| E|CS|TAMS 0x0000000606c00000| PB 0x0000000606c00000| Complete 
|  28|0x0000000607000000, 0x0000000607400000, 0x0000000607400000|100%| E|CS|TAMS 0x0000000607000000| PB 0x0000000607000000| Complete 
|  29|0x0000000607400000, 0x0000000607800000, 0x0000000607800000|100%| E|CS|TAMS 0x0000000607400000| PB 0x0000000607400000| Complete 
|  37|0x0000000609400000, 0x0000000609800000, 0x0000000609800000|100%| E|CS|TAMS 0x0000000609400000| PB 0x0000000609400000| Complete 
|  38|0x0000000609800000, 0x0000000609c00000, 0x0000000609c00000|100%| E|CS|TAMS 0x0000000609800000| PB 0x0000000609800000| Complete 
|  39|0x0000000609c00000, 0x000000060a000000, 0x000000060a000000|100%| E|CS|TAMS 0x0000000609c00000| PB 0x0000000609c00000| Complete 
|  40|0x000000060a000000, 0x000000060a400000, 0x000000060a400000|100%| E|  |TAMS 0x000000060a000000| PB 0x000000060a000000| Complete 
|  62|0x000000060f800000, 0x000000060fc00000, 0x000000060fc00000|100%| E|CS|TAMS 0x000000060f800000| PB 0x000000060f800000| Complete 
|2046|0x00000007ff800000, 0x00000007ffc00000, 0x00000007ffc00000|100%| O|  |TAMS 0x00000007ff800000| PB 0x00000007ff800000| Untracked 
|2047|0x00000007ffc00000, 0x0000000800000000, 0x0000000800000000|100%| O|  |TAMS 0x00000007ffc00000| PB 0x00000007ffc00000| Untracked 

Card table byte_map: [0x000001e2a1000000,0x000001e2a2000000] _byte_map_base: 0x000001e29e000000

Marking Bits: (CMBitMap*) 0x000001e2fc18a610
 Bits: [0x000001e2a2000000, 0x000001e2aa000000)

Polling page: 0x000001e2f9e70000

Metaspace:

Usage:
  Non-class:     64.31 MB used.
      Class:     11.00 MB used.
       Both:     75.31 MB used.

Virtual space:
  Non-class space:      128.00 MB reserved,      65.38 MB ( 51%) committed,  2 nodes.
      Class space:        1.00 GB reserved,      12.06 MB (  1%) committed,  1 nodes.
             Both:        1.12 GB reserved,      77.44 MB (  7%) committed. 

Chunk freelists:
   Non-Class:  13.83 MB
       Class:  3.81 MB
        Both:  17.64 MB

MaxMetaspaceSize: 4.00 GB
CompressedClassSpaceSize: 1.00 GB
Initial GC threshold: 21.00 MB
Current GC threshold: 97.94 MB
CDS: on
 - commit_granule_bytes: 65536.
 - commit_granule_words: 8192.
 - virtual_space_node_default_size: 8388608.
 - enlarge_chunks_in_place: 1.
 - use_allocation_guard: 0.


Internal statistics:

num_allocs_failed_limit: 9.
num_arena_births: 4012.
num_arena_deaths: 0.
num_vsnodes_births: 3.
num_vsnodes_deaths: 0.
num_space_committed: 1239.
num_space_uncommitted: 0.
num_chunks_returned_to_freelist: 9.
num_chunks_taken_from_freelist: 7791.
num_chunk_merges: 6.
num_chunk_splits: 4986.
num_chunks_enlarged: 2982.
num_inconsistent_stats: 0.

CodeHeap 'non-profiled nmethods': size=259264Kb used=6271Kb max_used=6271Kb free=252993Kb
 bounds [0x000001e2902d0000, 0x000001e2908f0000, 0x000001e2a0000000]
CodeHeap 'profiled nmethods': size=259264Kb used=20655Kb max_used=20655Kb free=238608Kb
 bounds [0x000001e280000000, 0x000001e281430000, 0x000001e28fd30000]
CodeHeap 'non-nmethods': size=5760Kb used=1972Kb max_used=2016Kb free=3787Kb
 bounds [0x000001e28fd30000, 0x000001e28ffa0000, 0x000001e2902d0000]
CodeCache: size=524288Kb, used=28898Kb, max_used=28942Kb, free=495388Kb
 total_blobs=11402, nmethods=10566, adapters=738, full_count=0
Compilation: enabled, stopped_count=0, restarted_count=0

Compilation events (20 events):
Event: 82.428 Thread 0x000001e2ac7b0090 nmethod 11266 0x000001e2813fe810 code [0x000001e2813fec60, 0x000001e2814008b0]
Event: 82.453 Thread 0x000001e2ffd5cda0 11267       4       java.net.URI$Parser::scan (41 bytes)
Event: 82.457 Thread 0x000001e2ac7b0090 11268       3       jdk.internal.loader.URLClassPath$JarLoader::newURL (14 bytes)
Event: 82.458 Thread 0x000001e2ac7b0090 nmethod 11268 0x000001e281401310 code [0x000001e2814014c0, 0x000001e281401670]
Event: 82.458 Thread 0x000001e2ac7b0090 11269       3       jdk.internal.loader.URLClassPath$JarLoader$1::run (63 bytes)
Event: 82.458 Thread 0x000001e2ac7b0090 nmethod 11269 0x000001e281401790 code [0x000001e281401940, 0x000001e281401b10]
Event: 82.458 Thread 0x000001e2ac7b0090 11270       3       jdk.internal.loader.URLClassPath$JarLoader::getJarFile (102 bytes)
Event: 82.460 Thread 0x000001e2ac7b0090 nmethod 11270 0x000001e281401c10 code [0x000001e281401f00, 0x000001e281402c28]
Event: 82.460 Thread 0x000001e2ac7b0090 11271       3       jdk.internal.loader.URLClassPath$JarLoader::isOptimizable (10 bytes)
Event: 82.461 Thread 0x000001e2ac7b0090 nmethod 11271 0x000001e281403110 code [0x000001e2814032c0, 0x000001e281403430]
Event: 82.461 Thread 0x000001e2ac7b0090 11272       3       jdk.internal.loader.FileURLMapper::<init> (10 bytes)
Event: 82.461 Thread 0x000001e2ac7b0090 nmethod 11272 0x000001e281403510 code [0x000001e2814036c0, 0x000001e281403880]
Event: 82.461 Thread 0x000001e2ac7b0090 11273       3       jdk.internal.loader.FileURLMapper::exists (19 bytes)
Event: 82.463 Thread 0x000001e2ac7b0090 nmethod 11273 0x000001e281403910 code [0x000001e281403b20, 0x000001e281404068]
Event: 82.463 Thread 0x000001e2ac7b0090 11274   !   3       jdk.internal.loader.URLClassPath$JarLoader::checkJar (51 bytes)
Event: 82.463 Thread 0x000001e2ac7b0090 nmethod 11274 0x000001e281404210 code [0x000001e2814043c0, 0x000001e281404598]
Event: 82.463 Thread 0x000001e2ac7b0090 11275       3       jdk.internal.loader.URLClassPath$JarLoader::getClassPath (63 bytes)
Event: 82.465 Thread 0x000001e2ffd5cda0 nmethod 11267 0x000001e2908eab90 code [0x000001e2908ead40, 0x000001e2908eb130]
Event: 82.465 Thread 0x000001e2ac7b0090 nmethod 11275 0x000001e281404690 code [0x000001e281404960, 0x000001e2814055c0]
Event: 82.497 Thread 0x000001e2ffd5cda0 11276       4       com.google.common.cache.LocalCache$LocalManualCache$1::load (10 bytes)

GC Heap History (20 events):
Event: 19.192 GC heap before
{Heap before GC invocations=9 (full 0):
 garbage-first heap   total 118784K, used 97794K [0x0000000600000000, 0x0000000800000000)
  region size 4096K, 17 young (69632K), 1 survivors (4096K)
 Metaspace       used 41886K, committed 43456K, reserved 1114112K
  class space    used 6105K, committed 6848K, reserved 1048576K
}
Event: 19.208 GC heap after
{Heap after GC invocations=10 (full 0):
 garbage-first heap   total 118784K, used 36050K [0x0000000600000000, 0x0000000800000000)
  region size 4096K, 2 young (8192K), 2 survivors (8192K)
 Metaspace       used 41886K, committed 43456K, reserved 1114112K
  class space    used 6105K, committed 6848K, reserved 1048576K
}
Event: 21.795 GC heap before
{Heap before GC invocations=10 (full 0):
 garbage-first heap   total 118784K, used 97490K [0x0000000600000000, 0x0000000800000000)
  region size 4096K, 17 young (69632K), 2 survivors (8192K)
 Metaspace       used 46332K, committed 48000K, reserved 1114112K
  class space    used 6852K, committed 7680K, reserved 1048576K
}
Event: 21.814 GC heap after
{Heap after GC invocations=11 (full 0):
 garbage-first heap   total 118784K, used 38441K [0x0000000600000000, 0x0000000800000000)
  region size 4096K, 3 young (12288K), 3 survivors (12288K)
 Metaspace       used 46332K, committed 48000K, reserved 1114112K
  class space    used 6852K, committed 7680K, reserved 1048576K
}
Event: 24.775 GC heap before
{Heap before GC invocations=11 (full 0):
 garbage-first heap   total 118784K, used 95785K [0x0000000600000000, 0x0000000800000000)
  region size 4096K, 17 young (69632K), 3 survivors (12288K)
 Metaspace       used 50592K, committed 52352K, reserved 1114112K
  class space    used 7513K, committed 8384K, reserved 1048576K
}
Event: 24.803 GC heap after
{Heap after GC invocations=12 (full 0):
 garbage-first heap   total 118784K, used 42229K [0x0000000600000000, 0x0000000800000000)
  region size 4096K, 3 young (12288K), 3 survivors (12288K)
 Metaspace       used 50592K, committed 52352K, reserved 1114112K
  class space    used 7513K, committed 8384K, reserved 1048576K
}
Event: 27.220 GC heap before
{Heap before GC invocations=12 (full 0):
 garbage-first heap   total 118784K, used 103669K [0x0000000600000000, 0x0000000800000000)
  region size 4096K, 17 young (69632K), 3 survivors (12288K)
 Metaspace       used 56068K, committed 57856K, reserved 1114112K
  class space    used 8316K, committed 9216K, reserved 1048576K
}
Event: 27.248 GC heap after
{Heap after GC invocations=13 (full 0):
 garbage-first heap   total 122880K, used 52110K [0x0000000600000000, 0x0000000800000000)
  region size 4096K, 3 young (12288K), 3 survivors (12288K)
 Metaspace       used 56068K, committed 57856K, reserved 1114112K
  class space    used 8316K, committed 9216K, reserved 1048576K
}
Event: 28.015 GC heap before
{Heap before GC invocations=13 (full 0):
 garbage-first heap   total 122880K, used 64398K [0x0000000600000000, 0x0000000800000000)
  region size 4096K, 8 young (32768K), 3 survivors (12288K)
 Metaspace       used 58166K, committed 60096K, reserved 1114112K
  class space    used 8586K, committed 9600K, reserved 1048576K
}
Event: 28.035 GC heap after
{Heap after GC invocations=14 (full 0):
 garbage-first heap   total 147456K, used 54324K [0x0000000600000000, 0x0000000800000000)
  region size 4096K, 1 young (4096K), 1 survivors (4096K)
 Metaspace       used 58166K, committed 60096K, reserved 1114112K
  class space    used 8586K, committed 9600K, reserved 1048576K
}
Event: 31.362 GC heap before
{Heap before GC invocations=15 (full 0):
 garbage-first heap   total 147456K, used 132148K [0x0000000600000000, 0x0000000800000000)
  region size 4096K, 19 young (77824K), 1 survivors (4096K)
 Metaspace       used 63734K, committed 65664K, reserved 1114112K
  class space    used 9383K, committed 10368K, reserved 1048576K
}
Event: 31.372 GC heap after
{Heap after GC invocations=16 (full 0):
 garbage-first heap   total 147456K, used 60414K [0x0000000600000000, 0x0000000800000000)
  region size 4096K, 1 young (4096K), 1 survivors (4096K)
 Metaspace       used 63734K, committed 65664K, reserved 1114112K
  class space    used 9383K, committed 10368K, reserved 1048576K
}
Event: 34.418 GC heap before
{Heap before GC invocations=16 (full 0):
 garbage-first heap   total 147456K, used 125950K [0x0000000600000000, 0x0000000800000000)
  region size 4096K, 18 young (73728K), 1 survivors (4096K)
 Metaspace       used 68304K, committed 70400K, reserved 1114112K
  class space    used 10031K, committed 11072K, reserved 1048576K
}
Event: 34.445 GC heap after
{Heap after GC invocations=17 (full 0):
 garbage-first heap   total 147456K, used 63862K [0x0000000600000000, 0x0000000800000000)
  region size 4096K, 2 young (8192K), 2 survivors (8192K)
 Metaspace       used 68304K, committed 70400K, reserved 1114112K
  class space    used 10031K, committed 11072K, reserved 1048576K
}
Event: 39.042 GC heap before
{Heap before GC invocations=17 (full 0):
 garbage-first heap   total 147456K, used 133494K [0x0000000600000000, 0x0000000800000000)
  region size 4096K, 19 young (77824K), 2 survivors (8192K)
 Metaspace       used 73608K, committed 75712K, reserved 1114112K
  class space    used 10845K, committed 11904K, reserved 1048576K
}
Event: 39.075 GC heap after
{Heap after GC invocations=18 (full 0):
 garbage-first heap   total 151552K, used 70286K [0x0000000600000000, 0x0000000800000000)
  region size 4096K, 3 young (12288K), 3 survivors (12288K)
 Metaspace       used 73608K, committed 75712K, reserved 1114112K
  class space    used 10845K, committed 11904K, reserved 1048576K
}
Event: 79.452 GC heap before
{Heap before GC invocations=18 (full 0):
 garbage-first heap   total 151552K, used 131726K [0x0000000600000000, 0x0000000800000000)
  region size 4096K, 18 young (73728K), 3 survivors (12288K)
 Metaspace       used 76859K, committed 79040K, reserved 1179648K
  class space    used 11250K, committed 12352K, reserved 1048576K
}
Event: 79.486 GC heap after
{Heap after GC invocations=19 (full 0):
 garbage-first heap   total 151552K, used 75178K [0x0000000600000000, 0x0000000800000000)
  region size 4096K, 3 young (12288K), 3 survivors (12288K)
 Metaspace       used 76859K, committed 79040K, reserved 1179648K
  class space    used 11250K, committed 12352K, reserved 1048576K
}
Event: 81.120 GC heap before
{Heap before GC invocations=19 (full 0):
 garbage-first heap   total 151552K, used 132522K [0x0000000600000000, 0x0000000800000000)
  region size 4096K, 17 young (69632K), 3 survivors (12288K)
 Metaspace       used 76965K, committed 79168K, reserved 1179648K
  class space    used 11254K, committed 12352K, reserved 1048576K
}
Event: 81.149 GC heap after
{Heap after GC invocations=20 (full 0):
 garbage-first heap   total 151552K, used 77892K [0x0000000600000000, 0x0000000800000000)
  region size 4096K, 2 young (8192K), 2 survivors (8192K)
 Metaspace       used 76965K, committed 79168K, reserved 1179648K
  class space    used 11254K, committed 12352K, reserved 1048576K
}

Dll operation events (15 events):
Event: 0.015 Loaded shared library C:\Users\User\.vscode\extensions\redhat.java-1.54.0-win32-x64\jre\21.0.10-win32-x86_64\bin\java.dll
Event: 0.100 Loaded shared library C:\Users\User\.vscode\extensions\redhat.java-1.54.0-win32-x64\jre\21.0.10-win32-x86_64\bin\zip.dll
Event: 0.126 Loaded shared library C:\Users\User\.vscode\extensions\redhat.java-1.54.0-win32-x64\jre\21.0.10-win32-x86_64\bin\instrument.dll
Event: 0.132 Loaded shared library C:\Users\User\.vscode\extensions\redhat.java-1.54.0-win32-x64\jre\21.0.10-win32-x86_64\bin\net.dll
Event: 0.135 Loaded shared library C:\Users\User\.vscode\extensions\redhat.java-1.54.0-win32-x64\jre\21.0.10-win32-x86_64\bin\nio.dll
Event: 0.140 Loaded shared library C:\Users\User\.vscode\extensions\redhat.java-1.54.0-win32-x64\jre\21.0.10-win32-x86_64\bin\zip.dll
Event: 0.463 Loaded shared library C:\Users\User\.vscode\extensions\redhat.java-1.54.0-win32-x64\jre\21.0.10-win32-x86_64\bin\jimage.dll
Event: 0.665 Loaded shared library C:\Users\User\.vscode\extensions\redhat.java-1.54.0-win32-x64\jre\21.0.10-win32-x86_64\bin\verify.dll
Event: 0.955 Loaded shared library C:\Users\User\.gradle\native\1def1411415f61bf3af743bc5b6707747c0891f09f0c88961ee8f79bc544acac\windows-amd64\native-platform.dll
Event: 0.966 Loaded shared library C:\Users\User\.gradle\native\0.2.7\x86_64-windows-gnu\gradle-fileevents.dll
Event: 2.153 Loaded shared library C:\Users\User\.vscode\extensions\redhat.java-1.54.0-win32-x64\jre\21.0.10-win32-x86_64\bin\management.dll
Event: 2.157 Loaded shared library C:\Users\User\.vscode\extensions\redhat.java-1.54.0-win32-x64\jre\21.0.10-win32-x86_64\bin\management_ext.dll
Event: 2.393 Loaded shared library C:\Users\User\.vscode\extensions\redhat.java-1.54.0-win32-x64\jre\21.0.10-win32-x86_64\bin\extnet.dll
Event: 2.732 Loaded shared library C:\Users\User\.vscode\extensions\redhat.java-1.54.0-win32-x64\jre\21.0.10-win32-x86_64\bin\sunmscapi.dll
Event: 40.025 Loaded shared library C:\Users\User\.vscode\extensions\redhat.java-1.54.0-win32-x64\jre\21.0.10-win32-x86_64\bin\rmi.dll

Deoptimization events (20 events):
Event: 81.861 Thread 0x000001e2f6576c80 Uncommon trap: trap_request=0xffffffd6 fr.pc=0x000001e2908d097c relative=0x0000000000001c1c
Event: 81.861 Thread 0x000001e2f6576c80 Uncommon trap: reason=array_check action=maybe_recompile pc=0x000001e2908d097c method=java.util.TimSort.reverseRange([Ljava/lang/Object;II)V @ 27 c2
Event: 81.861 Thread 0x000001e2f6576c80 DEOPT PACKING pc=0x000001e2908d097c sp=0x000000703a9fd260
Event: 81.861 Thread 0x000001e2f6576c80 DEOPT UNPACKING pc=0x000001e28fd84422 sp=0x000000703a9fd108 mode 2
Event: 82.342 Thread 0x000001e2f3f2ae50 DEOPT PACKING pc=0x000001e280b080c4 sp=0x00000070322f9750
Event: 82.342 Thread 0x000001e2f3f2ae50 DEOPT UNPACKING pc=0x000001e28fd84bc2 sp=0x00000070322f8c40 mode 0
Event: 82.408 Thread 0x000001e2f3f2ae50 DEOPT PACKING pc=0x000001e2800cddfb sp=0x00000070322f8bc0
Event: 82.409 Thread 0x000001e2f3f2ae50 DEOPT UNPACKING pc=0x000001e28fd84bc2 sp=0x00000070322f80f8 mode 0
Event: 82.419 Thread 0x000001e2f3f2ae50 DEOPT PACKING pc=0x000001e280863f88 sp=0x00000070322f8ba0
Event: 82.419 Thread 0x000001e2f3f2ae50 DEOPT UNPACKING pc=0x000001e28fd84bc2 sp=0x00000070322f8088 mode 0
Event: 82.423 Thread 0x000001e2f3f2ae50 DEOPT PACKING pc=0x000001e2800cddfb sp=0x00000070322f8bf0
Event: 82.423 Thread 0x000001e2f3f2ae50 DEOPT UNPACKING pc=0x000001e28fd84bc2 sp=0x00000070322f8128 mode 0
Event: 82.439 Thread 0x000001e2f3f2ae50 DEOPT PACKING pc=0x000001e280863f88 sp=0x00000070322f8ba0
Event: 82.439 Thread 0x000001e2f3f2ae50 DEOPT UNPACKING pc=0x000001e28fd84bc2 sp=0x00000070322f8088 mode 0
Event: 82.453 Thread 0x000001e2f3f2ae50 DEOPT PACKING pc=0x000001e280863f88 sp=0x00000070322f8ba0
Event: 82.453 Thread 0x000001e2f3f2ae50 DEOPT UNPACKING pc=0x000001e28fd84bc2 sp=0x00000070322f8088 mode 0
Event: 82.492 Thread 0x000001e2f3f2ae50 Uncommon trap: trap_request=0xffffff76 fr.pc=0x000001e2908db0c4 relative=0x0000000000000404
Event: 82.492 Thread 0x000001e2f3f2ae50 Uncommon trap: reason=predicate action=maybe_recompile pc=0x000001e2908db0c4 method=java.util.TimSort.binarySort([Ljava/lang/Object;IIILjava/util/Comparator;)V @ 34 c2
Event: 82.492 Thread 0x000001e2f3f2ae50 DEOPT PACKING pc=0x000001e2908db0c4 sp=0x00000070322f76f0
Event: 82.492 Thread 0x000001e2f3f2ae50 DEOPT UNPACKING pc=0x000001e28fd84422 sp=0x00000070322f75f8 mode 2

Classes loaded (20 events):
Event: 40.265 Loading class sun/rmi/transport/tcp/TCPTransport$ConnectionHandler
Event: 40.266 Loading class sun/rmi/transport/tcp/TCPTransport$ConnectionHandler done
Event: 40.283 Loading class sun/rmi/transport/Transport$1
Event: 40.283 Loading class sun/rmi/transport/Transport$1 done
Event: 40.286 Loading class sun/rmi/transport/DGCImpl$LeaseInfo
Event: 40.287 Loading class sun/rmi/transport/DGCImpl$LeaseInfo done
Event: 40.287 Loading class sun/rmi/transport/DGCImpl$1
Event: 40.287 Loading class sun/rmi/transport/DGCImpl$1 done
Event: 40.287 Loading class sun/rmi/transport/SequenceEntry
Event: 40.288 Loading class sun/rmi/transport/SequenceEntry done
Event: 65.265 Loading class java/time/Instant$1
Event: 65.265 Loading class java/time/Instant$1 done
Event: 77.692 Loading class java/util/concurrent/ConcurrentLinkedQueue$Itr
Event: 77.693 Loading class java/util/concurrent/ConcurrentLinkedQueue$Itr done
Event: 78.259 Loading class java/util/Collections$ReverseComparator
Event: 78.260 Loading class java/util/Collections$ReverseComparator done
Event: 78.260 Loading class java/util/Collections$ReverseComparator2
Event: 78.260 Loading class java/util/Collections$ReverseComparator2 done
Event: 79.493 Loading class sun/rmi/transport/DGCClient$EndpointEntry$CleanRequest
Event: 79.493 Loading class sun/rmi/transport/DGCClient$EndpointEntry$CleanRequest done

Classes unloaded (0 events):
No events

Classes redefined (0 events):
No events

Internal exceptions (20 events):
Event: 40.074 Thread 0x000001e2f4de9950 Exception <a 'java/lang/NoSuchMethodError'{0x0000000609a724f8}: 'java.lang.Object java.lang.invoke.DirectMethodHandle$Holder.invokeSpecial(java.lang.Object, java.lang.Object, int, java.lang.Object, long)'> (0x0000000609a724f8) 
thrown [s\src\hotspot\share\interpreter\linkResolver.cpp, line 773]
Event: 40.075 Thread 0x000001e2f4de9950 Exception <a 'java/lang/NoSuchMethodError'{0x0000000609a78f10}: 'java.lang.Object java.lang.invoke.DirectMethodHandle$Holder.newInvokeSpecial(java.lang.Object, java.lang.Object, int, java.lang.Object, long)'> (0x0000000609a78f10) 
thrown [s\src\hotspot\share\interpreter\linkResolver.cpp, line 773]
Event: 40.099 Thread 0x000001e2f4decdd0 Exception <a 'java/lang/NoSuchMethodError'{0x0000000609afa528}: static Lorg/jetbrains/kotlin/daemon/common/CompileService$CallResult;.<clinit>()V> (0x0000000609afa528) 
thrown [s\src\hotspot\share\prims\jni.cpp, line 1111]
Event: 40.101 Thread 0x000001e2f4decdd0 Exception <a 'java/lang/NoSuchMethodError'{0x0000000609b06850}: static Lorg/jetbrains/kotlin/daemon/common/CompileService$CallResult$Good;.<clinit>()V> (0x0000000609b06850) 
thrown [s\src\hotspot\share\prims\jni.cpp, line 1111]
Event: 40.104 Thread 0x000001e2f4decdd0 Exception <a 'java/lang/NoSuchMethodError'{0x0000000609b13dc8}: static Lorg/jetbrains/kotlin/daemon/common/DaemonJVMOptions;.<clinit>()V> (0x0000000609b13dc8) 
thrown [s\src\hotspot\share\prims\jni.cpp, line 1111]
Event: 40.121 Thread 0x000001e2f4decdd0 Exception <a 'java/lang/NoSuchMethodError'{0x0000000609b519e0}: static Lorg/jetbrains/kotlin/daemon/common/CompileService$CallResult$Ok;.<clinit>()V> (0x0000000609b519e0) 
thrown [s\src\hotspot\share\prims\jni.cpp, line 1111]
Event: 40.208 Thread 0x000001e2f4decdd0 Exception <a 'java/lang/NoSuchMethodError'{0x000000060948d328}: static [Ljava/lang/Integer;.<clinit>()V> (0x000000060948d328) 
thrown [s\src\hotspot\share\prims\jni.cpp, line 1111]
Event: 75.206 Thread 0x000001e2f4de9fe0 Exception <a 'java/lang/NoSuchMethodError'{0x00000006097f97c0}: 'void java.lang.invoke.DirectMethodHandle$Holder.invokeInterface(java.lang.Object, java.lang.Object, int, java.lang.Object)'> (0x00000006097f97c0) 
thrown [s\src\hotspot\share\interpreter\linkResolver.cpp, line 773]
Event: 75.207 Thread 0x000001e2f4de9fe0 Exception <a 'java/lang/NoSuchMethodError'{0x00000006097fd128}: 'void java.lang.invoke.DelegatingMethodHandle$Holder.reinvoke_L(java.lang.Object, java.lang.Object, int, java.lang.Object)'> (0x00000006097fd128) 
thrown [s\src\hotspot\share\interpreter\linkResolver.cpp, line 773]
Event: 75.217 Thread 0x000001e2f4de9fe0 Exception <a 'java/lang/NoSuchMethodError'{0x000000060701de70}: 'void java.lang.invoke.DelegatingMethodHandle$Holder.reinvoke_L(java.lang.Object, java.lang.Object, int, int, java.lang.Object, java.lang.Object)'> (0x000000060701de70) 
thrown [s\src\hotspot\share\interpreter\linkResolver.cpp, line 773]
Event: 77.576 Thread 0x000001e2f74218d0 Exception <a 'sun/nio/fs/WindowsException'{0x0000000606cff328}> (0x0000000606cff328) 
thrown [s\src\hotspot\share\prims\jni.cpp, line 520]
Event: 77.579 Thread 0x000001e2f74218d0 Exception <a 'sun/nio/fs/WindowsException'{0x0000000606d01650}> (0x0000000606d01650) 
thrown [s\src\hotspot\share\prims\jni.cpp, line 520]
Event: 77.589 Thread 0x000001e2f74218d0 Exception <a 'sun/nio/fs/WindowsException'{0x0000000606d037d0}> (0x0000000606d037d0) 
thrown [s\src\hotspot\share\prims\jni.cpp, line 520]
Event: 77.591 Thread 0x000001e2f74218d0 Exception <a 'sun/nio/fs/WindowsException'{0x0000000606d05658}> (0x0000000606d05658) 
thrown [s\src\hotspot\share\prims\jni.cpp, line 520]
Event: 77.615 Thread 0x000001e2f362dda0 Exception <a 'sun/nio/fs/WindowsException'{0x0000000609ea8d38}> (0x0000000609ea8d38) 
thrown [s\src\hotspot\share\prims\jni.cpp, line 520]
Event: 77.616 Thread 0x000001e2f362dda0 Exception <a 'sun/nio/fs/WindowsException'{0x0000000606dda008}> (0x0000000606dda008) 
thrown [s\src\hotspot\share\prims\jni.cpp, line 520]
Event: 77.617 Thread 0x000001e2f362dda0 Exception <a 'sun/nio/fs/WindowsException'{0x0000000606ddbbc8}> (0x0000000606ddbbc8) 
thrown [s\src\hotspot\share\prims\jni.cpp, line 520]
Event: 79.501 Thread 0x000001e2f4de9950 Implicit null exception at 0x000001e29065878b to 0x000001e290658864
Event: 79.825 Thread 0x000001e2f6b5ffd0 Implicit null exception at 0x000001e290877bea to 0x000001e290877c94
Event: 80.585 Thread 0x000001e2f65758d0 Implicit null exception at 0x000001e29089ae68 to 0x000001e29089b5c4

ZGC Phase Switch (0 events):
No events

VM Operations (20 events):
Event: 77.137 Executing safepoint VM operation: Cleanup
Event: 77.137 Executing safepoint VM operation: Cleanup done
Event: 77.532 Executing non-safepoint VM operation: HandshakeAllThreads (Deoptimize)
Event: 77.532 Executing non-safepoint VM operation: HandshakeAllThreads (Deoptimize) done
Event: 78.325 Executing safepoint VM operation: ICBufferFull
Event: 78.325 Executing safepoint VM operation: ICBufferFull done
Event: 78.868 Executing safepoint VM operation: ICBufferFull
Event: 78.869 Executing safepoint VM operation: ICBufferFull done
Event: 79.451 Executing safepoint VM operation: G1CollectForAllocation (G1 Evacuation Pause)
Event: 79.486 Executing safepoint VM operation: G1CollectForAllocation (G1 Evacuation Pause) done
Event: 79.603 Executing non-safepoint VM operation: HandshakeAllThreads (Deoptimize)
Event: 79.603 Executing non-safepoint VM operation: HandshakeAllThreads (Deoptimize) done
Event: 80.215 Executing safepoint VM operation: ICBufferFull
Event: 80.223 Executing safepoint VM operation: ICBufferFull done
Event: 81.104 Executing safepoint VM operation: G1CollectForAllocation (G1 Evacuation Pause)
Event: 81.149 Executing safepoint VM operation: G1CollectForAllocation (G1 Evacuation Pause) done
Event: 82.158 Executing safepoint VM operation: Cleanup
Event: 82.174 Executing safepoint VM operation: Cleanup done
Event: 82.481 Executing non-safepoint VM operation: HandshakeAllThreads (Deoptimize)
Event: 82.481 Executing non-safepoint VM operation: HandshakeAllThreads (Deoptimize) done

Memory protections (0 events):
No events

Nmethod flushes (20 events):
Event: 28.102 Thread 0x000001e2ffd24bc0 flushing  nmethod 0x000001e2800d3090
Event: 28.102 Thread 0x000001e2ffd24bc0 flushing  nmethod 0x000001e2800d4810
Event: 28.102 Thread 0x000001e2ffd24bc0 flushing  nmethod 0x000001e280223910
Event: 28.102 Thread 0x000001e2ffd24bc0 flushing  nmethod 0x000001e280225290
Event: 28.102 Thread 0x000001e2ffd24bc0 flushing  nmethod 0x000001e28022a110
Event: 28.102 Thread 0x000001e2ffd24bc0 flushing  nmethod 0x000001e280235910
Event: 28.102 Thread 0x000001e2ffd24bc0 flushing  nmethod 0x000001e28035c290
Event: 28.102 Thread 0x000001e2ffd24bc0 flushing  nmethod 0x000001e280368c10
Event: 28.102 Thread 0x000001e2ffd24bc0 flushing  nmethod 0x000001e28036b290
Event: 28.102 Thread 0x000001e2ffd24bc0 flushing  nmethod 0x000001e28036e010
Event: 28.102 Thread 0x000001e2ffd24bc0 flushing  nmethod 0x000001e28036fa10
Event: 28.102 Thread 0x000001e2ffd24bc0 flushing  nmethod 0x000001e280370290
Event: 28.102 Thread 0x000001e2ffd24bc0 flushing  nmethod 0x000001e280388610
Event: 28.102 Thread 0x000001e2ffd24bc0 flushing  nmethod 0x000001e280392c90
Event: 28.102 Thread 0x000001e2ffd24bc0 flushing  nmethod 0x000001e280393590
Event: 28.102 Thread 0x000001e2ffd24bc0 flushing  nmethod 0x000001e280535c90
Event: 28.102 Thread 0x000001e2ffd24bc0 flushing  nmethod 0x000001e280602490
Event: 28.102 Thread 0x000001e2ffd24bc0 flushing  nmethod 0x000001e280607810
Event: 28.102 Thread 0x000001e2ffd24bc0 flushing  nmethod 0x000001e280659210
Event: 28.102 Thread 0x000001e2ffd24bc0 flushing  nmethod 0x000001e280677790

Events (20 events):
Event: 78.750 Thread 0x000001e2f3f2ae50 Thread added: 0x000001e2f6b5aa80
Event: 78.758 Thread 0x000001e2f3f2ae50 Thread added: 0x000001e2f6b5df00
Event: 78.771 Thread 0x000001e2f3f2ae50 Thread added: 0x000001e2f6b5e590
Event: 78.772 Thread 0x000001e2f3f2ae50 Thread added: 0x000001e2f6b5b110
Event: 78.786 Thread 0x000001e2f3f2ae50 Thread added: 0x000001e2f6b5ec20
Event: 78.788 Thread 0x000001e2f3f2ae50 Thread added: 0x000001e2f6b5b7a0
Event: 78.790 Thread 0x000001e2f3f2ae50 Thread added: 0x000001e2f6b60660
Event: 78.847 Thread 0x000001e2ac7b0090 Thread added: 0x000001e2f4e0b500
Event: 79.515 Thread 0x000001e2f4de9950 Thread exited: 0x000001e2f4de9950
Event: 79.644 Thread 0x000001e2f3f2ae50 Thread added: 0x000001e2f6b5ffd0
Event: 79.648 Thread 0x000001e2f3f2ae50 Thread added: 0x000001e2f6b5f2b0
Event: 79.650 Thread 0x000001e2f3f2ae50 Thread added: 0x000001e2f6b5f940
Event: 79.653 Thread 0x000001e2f3f2ae50 Thread added: 0x000001e2f4de9950
Event: 79.656 Thread 0x000001e2f3f2ae50 Thread added: 0x000001e2f65765f0
Event: 79.657 Thread 0x000001e2f3f2ae50 Thread added: 0x000001e2f6575f60
Event: 79.658 Thread 0x000001e2f3f2ae50 Thread added: 0x000001e2f6578030
Event: 79.674 Thread 0x000001e2f3f2ae50 Thread added: 0x000001e2f6576c80
Event: 79.675 Thread 0x000001e2f3f2ae50 Thread added: 0x000001e2f6577310
Event: 79.677 Thread 0x000001e2f3f2ae50 Thread added: 0x000001e2f65758d0
Event: 79.684 Thread 0x000001e2f3f2ae50 Thread added: 0x000001e2f6575240


Dynamic libraries:
0x00007ff6931e0000 - 0x00007ff6931ee000 	C:\Users\User\.vscode\extensions\redhat.java-1.54.0-win32-x64\jre\21.0.10-win32-x86_64\bin\java.exe
0x00007ff9e3940000 - 0x00007ff9e3ba7000 	C:\WINDOWS\SYSTEM32\ntdll.dll
0x00007ff9e2fa0000 - 0x00007ff9e3069000 	C:\WINDOWS\System32\KERNEL32.DLL
0x00007ff9e05a0000 - 0x00007ff9e0994000 	C:\WINDOWS\System32\KERNELBASE.dll
0x00007ff9e1210000 - 0x00007ff9e135b000 	C:\WINDOWS\System32\ucrtbase.dll
0x00007ff978df0000 - 0x00007ff978e08000 	C:\Users\User\.vscode\extensions\redhat.java-1.54.0-win32-x64\jre\21.0.10-win32-x86_64\bin\jli.dll
0x00007ff96ee60000 - 0x00007ff96ee7e000 	C:\Users\User\.vscode\extensions\redhat.java-1.54.0-win32-x64\jre\21.0.10-win32-x86_64\bin\VCRUNTIME140.dll
0x00007ff9e2980000 - 0x00007ff9e2b45000 	C:\WINDOWS\System32\USER32.dll
0x00007ff9bc840000 - 0x00007ff9bcad3000 	C:\WINDOWS\WinSxS\amd64_microsoft.windows.common-controls_6595b64144ccf1df_6.0.26100.8115_none_3e075c82e3354f9c\COMCTL32.dll
0x00007ff9e0210000 - 0x00007ff9e0237000 	C:\WINDOWS\System32\win32u.dll
0x00007ff9e3160000 - 0x00007ff9e3209000 	C:\WINDOWS\System32\msvcrt.dll
0x00007ff9e3070000 - 0x00007ff9e309b000 	C:\WINDOWS\System32\GDI32.dll
0x00007ff9e03c0000 - 0x00007ff9e04eb000 	C:\WINDOWS\System32\gdi32full.dll
0x00007ff9e1420000 - 0x00007ff9e14c3000 	C:\WINDOWS\System32\msvcp_win.dll
0x00007ff9e38c0000 - 0x00007ff9e38f2000 	C:\WINDOWS\System32\IMM32.DLL
0x00007ff9c1390000 - 0x00007ff9c139c000 	C:\Users\User\.vscode\extensions\redhat.java-1.54.0-win32-x64\jre\21.0.10-win32-x86_64\bin\vcruntime140_1.dll
0x00007ff926e70000 - 0x00007ff926efd000 	C:\Users\User\.vscode\extensions\redhat.java-1.54.0-win32-x64\jre\21.0.10-win32-x86_64\bin\msvcp140.dll
0x00007ff8e8710000 - 0x00007ff8e94b1000 	C:\Users\User\.vscode\extensions\redhat.java-1.54.0-win32-x64\jre\21.0.10-win32-x86_64\bin\server\jvm.dll
0x00007ff9e1ed0000 - 0x00007ff9e1f86000 	C:\WINDOWS\System32\ADVAPI32.dll
0x00007ff9e3790000 - 0x00007ff9e3837000 	C:\WINDOWS\System32\sechost.dll
0x00007ff9e3670000 - 0x00007ff9e3788000 	C:\WINDOWS\System32\RPCRT4.dll
0x00007ff9e2ea0000 - 0x00007ff9e2f20000 	C:\WINDOWS\System32\WS2_32.dll
0x00007ff9e0070000 - 0x00007ff9e00ce000 	C:\WINDOWS\SYSTEM32\POWRPROF.dll
0x00007ff9d00f0000 - 0x00007ff9d00fb000 	C:\WINDOWS\SYSTEM32\VERSION.dll
0x00007ff9d74a0000 - 0x00007ff9d74d6000 	C:\WINDOWS\SYSTEM32\WINMM.dll
0x00007ff9e0050000 - 0x00007ff9e0064000 	C:\WINDOWS\SYSTEM32\UMPDC.dll
0x00007ff9defa0000 - 0x00007ff9defbb000 	C:\WINDOWS\SYSTEM32\kernel.appcore.dll
0x00007ff9c0190000 - 0x00007ff9c019a000 	C:\Users\User\.vscode\extensions\redhat.java-1.54.0-win32-x64\jre\21.0.10-win32-x86_64\bin\jimage.dll
0x00007ff9de020000 - 0x00007ff9de262000 	C:\WINDOWS\SYSTEM32\DBGHELP.DLL
0x00007ff9e32d0000 - 0x00007ff9e3652000 	C:\WINDOWS\System32\combase.dll
0x00007ff9e2c20000 - 0x00007ff9e2cf8000 	C:\WINDOWS\System32\OLEAUT32.dll
0x00007ff9be290000 - 0x00007ff9be2cb000 	C:\WINDOWS\SYSTEM32\dbgcore.DLL
0x00007ff9e04f0000 - 0x00007ff9e0595000 	C:\WINDOWS\System32\bcryptPrimitives.dll
0x00007ff9bf060000 - 0x00007ff9bf06f000 	C:\Users\User\.vscode\extensions\redhat.java-1.54.0-win32-x64\jre\21.0.10-win32-x86_64\bin\instrument.dll
0x00007ff9609f0000 - 0x00007ff960a10000 	C:\Users\User\.vscode\extensions\redhat.java-1.54.0-win32-x64\jre\21.0.10-win32-x86_64\bin\java.dll
0x00007ff9e1fb0000 - 0x00007ff9e2717000 	C:\WINDOWS\System32\SHELL32.dll
0x00007ff9e1560000 - 0x00007ff9e16ca000 	C:\WINDOWS\System32\wintypes.dll
0x00007ff9e09a0000 - 0x00007ff9e1208000 	C:\WINDOWS\System32\windows.storage.dll
0x00007ff9e2880000 - 0x00007ff9e2978000 	C:\WINDOWS\System32\SHCORE.dll
0x00007ff9e2bb0000 - 0x00007ff9e2c16000 	C:\WINDOWS\System32\shlwapi.dll
0x00007ff9e0130000 - 0x00007ff9e0159000 	C:\WINDOWS\SYSTEM32\profapi.dll
0x00007ff961570000 - 0x00007ff961588000 	C:\Users\User\.vscode\extensions\redhat.java-1.54.0-win32-x64\jre\21.0.10-win32-x86_64\bin\zip.dll
0x00007ff9bfd00000 - 0x00007ff9bfd10000 	C:\Users\User\.vscode\extensions\redhat.java-1.54.0-win32-x64\jre\21.0.10-win32-x86_64\bin\net.dll
0x00007ff9d52c0000 - 0x00007ff9d53ed000 	C:\WINDOWS\SYSTEM32\WINHTTP.dll
0x00007ff9df510000 - 0x00007ff9df57c000 	C:\WINDOWS\system32\mswsock.dll
0x00007ff959d50000 - 0x00007ff959d66000 	C:\Users\User\.vscode\extensions\redhat.java-1.54.0-win32-x64\jre\21.0.10-win32-x86_64\bin\nio.dll
0x00007ff9bec60000 - 0x00007ff9bec70000 	C:\Users\User\.vscode\extensions\redhat.java-1.54.0-win32-x64\jre\21.0.10-win32-x86_64\bin\verify.dll
0x00007ff9553d0000 - 0x00007ff9553f7000 	C:\Users\User\.gradle\native\1def1411415f61bf3af743bc5b6707747c0891f09f0c88961ee8f79bc544acac\windows-amd64\native-platform.dll
0x00007ff920dd0000 - 0x00007ff920e48000 	C:\Users\User\.gradle\native\0.2.7\x86_64-windows-gnu\gradle-fileevents.dll
0x00007ff9902a0000 - 0x00007ff9902aa000 	C:\Users\User\.vscode\extensions\redhat.java-1.54.0-win32-x64\jre\21.0.10-win32-x86_64\bin\management.dll
0x00007ff98f030000 - 0x00007ff98f03c000 	C:\Users\User\.vscode\extensions\redhat.java-1.54.0-win32-x64\jre\21.0.10-win32-x86_64\bin\management_ext.dll
0x00007ff9e3660000 - 0x00007ff9e3668000 	C:\WINDOWS\System32\PSAPI.DLL
0x00007ff9de950000 - 0x00007ff9de982000 	C:\WINDOWS\SYSTEM32\IPHLPAPI.DLL
0x00007ff9e1e40000 - 0x00007ff9e1e4a000 	C:\WINDOWS\System32\NSI.dll
0x00007ff99b1c0000 - 0x00007ff99b1c9000 	C:\Users\User\.vscode\extensions\redhat.java-1.54.0-win32-x64\jre\21.0.10-win32-x86_64\bin\extnet.dll
0x00007ff9df7f0000 - 0x00007ff9df80b000 	C:\WINDOWS\SYSTEM32\CRYPTSP.dll
0x00007ff9deee0000 - 0x00007ff9def19000 	C:\WINDOWS\system32\rsaenh.dll
0x00007ff9df5c0000 - 0x00007ff9df5f3000 	C:\WINDOWS\SYSTEM32\USERENV.dll
0x00007ff9e0100000 - 0x00007ff9e012a000 	C:\WINDOWS\SYSTEM32\bcrypt.dll
0x00007ff9df810000 - 0x00007ff9df81c000 	C:\WINDOWS\SYSTEM32\CRYPTBASE.dll
0x00007ff9a52c0000 - 0x00007ff9a52ce000 	C:\Users\User\.vscode\extensions\redhat.java-1.54.0-win32-x64\jre\21.0.10-win32-x86_64\bin\sunmscapi.dll
0x00007ff9e0240000 - 0x00007ff9e03b7000 	C:\WINDOWS\System32\CRYPT32.dll
0x00007ff9dfa10000 - 0x00007ff9dfa40000 	C:\WINDOWS\SYSTEM32\ncrypt.dll
0x00007ff9df9c0000 - 0x00007ff9df9ff000 	C:\WINDOWS\SYSTEM32\NTASN1.dll
0x00007ff9bc760000 - 0x00007ff9bc768000 	C:\WINDOWS\system32\wshunix.dll
0x00007ff9d7000000 - 0x00007ff9d7018000 	C:\WINDOWS\system32\napinsp.dll
0x00007ff9de9e0000 - 0x00007ff9deb12000 	C:\WINDOWS\SYSTEM32\DNSAPI.dll
0x00007ff9c0950000 - 0x00007ff9c0963000 	C:\WINDOWS\System32\winrnr.dll
0x00007ff9bf480000 - 0x00007ff9bf4a2000 	C:\WINDOWS\system32\nlansp_c.dll
0x00007ff9ac5f0000 - 0x00007ff9ac606000 	C:\WINDOWS\system32\wshbth.dll
0x00007ff9d7490000 - 0x00007ff9d749b000 	C:\Windows\System32\rasadhlp.dll
0x00007ff9d7e60000 - 0x00007ff9d7ee6000 	C:\WINDOWS\System32\fwpuclnt.dll
0x00007ff96f220000 - 0x00007ff96f227000 	C:\Users\User\.vscode\extensions\redhat.java-1.54.0-win32-x64\jre\21.0.10-win32-x86_64\bin\rmi.dll

JVMTI agents:
C:\Users\User\.gradle\wrapper\dists\gradle-8.14-all\c2qonpi39x1mddn7hk5gh9iqj\gradle-8.14\lib\agents\gradle-instrumentation-agent-8.14.jar path:C:\Users\User\.vscode\extensions\redhat.java-1.54.0-win32-x64\jre\21.0.10-win32-x86_64\bin\instrument.dll, loaded, initialized, instrumentlib options:none

dbghelp: loaded successfully - version: 4.0.5 - missing functions: none
symbol engine: initialized successfully - sym options: 0x614 - pdb path: .;C:\Users\User\.vscode\extensions\redhat.java-1.54.0-win32-x64\jre\21.0.10-win32-x86_64\bin;C:\WINDOWS\SYSTEM32;C:\WINDOWS\WinSxS\amd64_microsoft.windows.common-controls_6595b64144ccf1df_6.0.26100.8115_none_3e075c82e3354f9c;C:\Users\User\.vscode\extensions\redhat.java-1.54.0-win32-x64\jre\21.0.10-win32-x86_64\bin\server;C:\Users\User\.gradle\native\1def1411415f61bf3af743bc5b6707747c0891f09f0c88961ee8f79bc544acac\windows-amd64;C:\Users\User\.gradle\native\0.2.7\x86_64-windows-gnu

VM Arguments:
jvm_args: --add-opens=java.base/java.lang=ALL-UNNAMED --add-opens=java.base/java.lang.invoke=ALL-UNNAMED --add-opens=java.base/java.util=ALL-UNNAMED --add-opens=java.prefs/java.util.prefs=ALL-UNNAMED --add-exports=jdk.compiler/com.sun.tools.javac.api=ALL-UNNAMED --add-exports=jdk.compiler/com.sun.tools.javac.util=ALL-UNNAMED --add-opens=java.base/java.util=ALL-UNNAMED --add-opens=java.prefs/java.util.prefs=ALL-UNNAMED --add-opens=java.base/java.nio.charset=ALL-UNNAMED --add-opens=java.base/java.net=ALL-UNNAMED --add-opens=java.base/java.util.concurrent.atomic=ALL-UNNAMED --add-opens=java.xml/javax.xml.namespace=ALL-UNNAMED -XX:MaxMetaspaceSize=4G -XX:ReservedCodeCacheSize=512m -XX:+HeapDumpOnOutOfMemoryError -Xmx8G -Dfile.encoding=UTF-8 -Duser.country=US -Duser.language=en -Duser.variant -javaagent:C:\Users\User\.gradle\wrapper\dists\gradle-8.14-all\c2qonpi39x1mddn7hk5gh9iqj\gradle-8.14\lib\agents\gradle-instrumentation-agent-8.14.jar 
java_command: org.gradle.launcher.daemon.bootstrap.GradleDaemon 8.14
java_class_path (initial): C:\Users\User\.gradle\wrapper\dists\gradle-8.14-all\c2qonpi39x1mddn7hk5gh9iqj\gradle-8.14\lib\gradle-daemon-main-8.14.jar
Launcher Type: SUN_STANDARD

[Global flags]
     intx CICompilerCount                          = 4                                         {product} {ergonomic}
     uint ConcGCThreads                            = 3                                         {product} {ergonomic}
     uint G1ConcRefinementThreads                  = 10                                        {product} {ergonomic}
   size_t G1HeapRegionSize                         = 4194304                                   {product} {ergonomic}
    uintx GCDrainStackTargetSize                   = 64                                        {product} {ergonomic}
     bool HeapDumpOnOutOfMemoryError               = true                                   {manageable} {command line}
   size_t InitialHeapSize                          = 264241152                                 {product} {ergonomic}
   size_t MarkStackSize                            = 4194304                                   {product} {ergonomic}
   size_t MaxHeapSize                              = 8589934592                                {product} {command line}
   size_t MaxMetaspaceSize                         = 4294967296                                {product} {command line}
   size_t MaxNewSize                               = 5150605312                                {product} {ergonomic}
   size_t MinHeapDeltaBytes                        = 4194304                                   {product} {ergonomic}
   size_t MinHeapSize                              = 8388608                                   {product} {ergonomic}
    uintx NonNMethodCodeHeapSize                   = 5839372                                {pd product} {ergonomic}
    uintx NonProfiledCodeHeapSize                  = 265515770                              {pd product} {ergonomic}
    uintx ProfiledCodeHeapSize                     = 265515770                              {pd product} {ergonomic}
    uintx ReservedCodeCacheSize                    = 536870912                              {pd product} {command line}
     bool SegmentedCodeCache                       = true                                      {product} {ergonomic}
   size_t SoftMaxHeapSize                          = 8589934592                             {manageable} {ergonomic}
     bool UseCompressedOops                        = true                           {product lp64_product} {ergonomic}
     bool UseG1GC                                  = true                                      {product} {ergonomic}
     bool UseLargePagesIndividualAllocation        = false                                  {pd product} {ergonomic}

Logging:
Log output configuration:
 #0: stdout all=warning uptime,level,tags foldmultilines=false
 #1: stderr all=off uptime,level,tags foldmultilines=false

Release file:
JAVA_VERSION="21.0.10" 
MODULES="java.base java.compiler java.datatransfer java.xml java.prefs java.desktop java.instrument java.logging java.management java.security.sasl java.naming java.rmi java.management.rmi java.net.http java.scripting java.security.jgss java.transaction.xa java.sql java.sql.rowset java.xml.crypto java.se java.smartcardio jdk.accessibility jdk.internal.jvmstat jdk.attach jdk.charsets jdk.internal.opt jdk.zipfs jdk.compiler jdk.crypto.ec jdk.crypto.cryptoki jdk.crypto.mscapi jdk.dynalink jdk.internal.ed jdk.editpad jdk.hotspot.agent jdk.httpserver jdk.internal.le jdk.internal.vm.ci jdk.internal.vm.compiler jdk.internal.vm.compiler.management jdk.jartool jdk.javadoc jdk.jcmd jdk.management jdk.management.agent jdk.jconsole jdk.jdeps jdk.jdwp.agent jdk.jdi jdk.jfr jdk.jshell jdk.jsobject jdk.jstatd jdk.localedata jdk.management.jfr jdk.naming.dns jdk.naming.rmi jdk.net jdk.nio.mapmode jdk.random jdk.sctp jdk.security.auth jdk.security.jgss jdk.unsupported jdk.unsupported.desktop jdk.xml.dom" 

Environment Variables:
PATH=C:\Program Files\Common Files\Oracle\Java\javapath;C:\windows\system32;C:\windows;C:\windows\System32\Wbem;C:\windows\System32\WindowsPowerShell\v1.0\;C:\windows\System32\OpenSSH\;C:\Program Files (x86)\NVIDIA Corporation\PhysX\Common;C:\Program Files\NVIDIA Corporation\NVIDIA NvDLISR;C:\Program Files (x86)\Common Files\DivX Shared\DesktopService;C:\WINDOWS\system32;C:\WINDOWS;C:\WINDOWS\System32\Wbem;C:\WINDOWS\System32\WindowsPowerShell\v1.0\;C:\WINDOWS\System32\OpenSSH\;C:\Program Files\Git\cmd;C:\Program Files\Java\jdk-20\bin;C:\Program Files\nodejs\;C:\Program Files\MySQL\MySQL Server 8.0\bin;;C:\Program Files\HP\HP One Agent;C:\WINDOWS\system32;C:\WINDOWS;C:\WINDOWS\System32\Wbem;C:\WINDOWS\System32\WindowsPowerShell\v1.0\;C:\WINDOWS\System32\OpenSSH\;C:\flutter\bin;C:\Users\User\AppData\Local\Programs\Python\Python312\Scripts\;C:\Users\User\AppData\Local\Programs\Python\Python312\;C:\Users\User\AppData\Local\Programs\Python\Launcher\;C:\Users\User\AppData\Local\Microsoft\WindowsApps;C:\Users\User\AppData\Local\Programs\Microsoft VS Code\bin;C:\Users\User\AppData\Roaming\npm;C:\MinGW\bin;C:\GnuWin32\bin;C:\dart-sdk\bin;C:\Users\User\AppData\Local\Programs\Antigravity\bin
USERNAME=User
OS=Windows_NT
PROCESSOR_IDENTIFIER=Intel64 Family 6 Model 154 Stepping 3, GenuineIntel
TMP=C:\Users\User\AppData\Local\Temp
TEMP=C:\Users\User\AppData\Local\Temp




Periodic native trim disabled

---------------  S Y S T E M  ---------------

OS:
 Windows 11 , 64 bit Build 26100 (10.0.26100.8246)
OS uptime: 0 days 9:13 hours
Hyper-V role detected

CPU: total 12 (initial active 12) (6 cores per cpu, 2 threads per core) family 6 model 154 stepping 3 microcode 0x434, cx8, cmov, fxsr, ht, mmx, 3dnowpref, sse, sse2, sse3, ssse3, sse4.1, sse4.2, popcnt, lzcnt, tsc, tscinvbit, avx, avx2, aes, erms, clmul, bmi1, bmi2, adx, sha, fma, vzeroupper, clflush, clflushopt, clwb, hv, serialize, rdtscp, rdpid, fsrm, f16c, cet_ibt, cet_ss
Processor Information for processor 0
  Max Mhz: 2000, Current Mhz: 1520, Mhz Limit: 2000
Processor Information for processor 1
  Max Mhz: 2000, Current Mhz: 2000, Mhz Limit: 2000
Processor Information for processor 2
  Max Mhz: 2000, Current Mhz: 2000, Mhz Limit: 2000
Processor Information for processor 3
  Max Mhz: 2000, Current Mhz: 2000, Mhz Limit: 2000
Processor Information for processor 4
  Max Mhz: 2000, Current Mhz: 2000, Mhz Limit: 2000
Processor Information for processor 5
  Max Mhz: 2000, Current Mhz: 2000, Mhz Limit: 2000
Processor Information for processor 6
  Max Mhz: 2000, Current Mhz: 2000, Mhz Limit: 2000
Processor Information for processor 7
  Max Mhz: 2000, Current Mhz: 2000, Mhz Limit: 2000
Processor Information for processor 8
  Max Mhz: 2000, Current Mhz: 1466, Mhz Limit: 2000
Processor Information for processor 9
  Max Mhz: 2000, Current Mhz: 1466, Mhz Limit: 2000
Processor Information for processor 10
  Max Mhz: 2000, Current Mhz: 1466, Mhz Limit: 2000
Processor Information for processor 11
  Max Mhz: 2000, Current Mhz: 1466, Mhz Limit: 2000

Memory: 4k page, system-wide physical 16052M (1195M free)
TotalPageFile size 27547M (AvailPageFile size 3M)
current process WorkingSet (physical memory assigned to process): 389M, peak: 389M
current process commit charge ("private bytes"): 430M, peak: 460M

vm_info: OpenJDK 64-Bit Server VM (21.0.10+7-LTS) for windows-amd64 JRE (21.0.10+7-LTS), built on 2026-01-20T00:00:00Z by "admin" with MS VC++ 17.12 (VS2022)

END.
